{"level":"info","message":"Starting Seminar Hub server...","timestamp":"2025-11-30T12:51:06.612Z"}
{"level":"info","message":"Server running on http://localhost:3000","timestamp":"2025-11-30T12:51:06.625Z"}
{"level":"info","message":"[3 - admins: test2 ] = Logged in","timestamp":"2025-11-30T12:53:06.571Z"}
{"level":"info","message":"[3 - admins: test2 ] = Token verified","timestamp":"2025-11-30T12:53:06.659Z"}
{"level":"info","message":"[3 - admins: test2 ] = Successfully get admins data","timestamp":"2025-11-30T12:53:06.665Z"}
{"level":"info","message":"[3 - admins: test2 ] = Token verified","timestamp":"2025-11-30T12:53:08.535Z"}
{"level":"info","message":"[3 - admins: test2 ] = Token verified","timestamp":"2025-11-30T12:53:08.548Z"}
{"level":"info","message":"[3 - admins: test2 ] = Token verified","timestamp":"2025-11-30T12:53:08.561Z"}
{"level":"info","message":"[3 - admins: test2 ] = fetched total attendees data","timestamp":"2025-11-30T12:53:08.580Z"}
{"level":"info","message":"[3 - admins: test2 ] = fetched total seminars data","timestamp":"2025-11-30T12:53:08.583Z"}
{"level":"info","message":"[3 - admins: test2 ] = fetched total users data","timestamp":"2025-11-30T12:53:08.667Z"}
{"level":"info","message":"[3 - admins: test2 ] = Token verified","timestamp":"2025-11-30T12:54:20.501Z"}
{"level":"info","message":"[3 - admins: test2 ] = Token verified","timestamp":"2025-11-30T12:54:20.518Z"}
{"level":"info","message":"[3 - admins: test2 ] = Token verified","timestamp":"2025-11-30T12:54:20.527Z"}
{"level":"info","message":"[3 - admins: test2 ] = fetched total attendees data","timestamp":"2025-11-30T12:54:20.534Z"}
{"level":"info","message":"[3 - admins: test2 ] = fetched total seminars data","timestamp":"2025-11-30T12:54:20.538Z"}
{"level":"info","message":"[3 - admins: test2 ] = fetched total users data","timestamp":"2025-11-30T12:54:20.542Z"}
{"level":"info","message":"[3 - admins: test2 ] = Token verified","timestamp":"2025-11-30T12:54:28.491Z"}
{"level":"info","message":"[3 - admins: test2 ] = fetched all users data","timestamp":"2025-11-30T12:54:28.494Z"}
{"level":"info","message":"[3 - admins: test2 ] = Token verified","timestamp":"2025-11-30T12:55:09.119Z"}
{"level":"info","message":"[3 - admins: test2 ] = fetched all users data","timestamp":"2025-11-30T12:55:09.135Z"}
{"level":"info","message":"[3 - admins: test2 ] = Token verified","timestamp":"2025-11-30T12:55:45.378Z"}
{"level":"info","message":"[3 - admins: test2 ] = editted a seminar","timestamp":"2025-11-30T12:55:45.704Z"}
{"level":"info","message":"[11 - users: test7 ] = Logged in","timestamp":"2025-11-30T12:56:50.127Z"}
{"level":"info","message":"[11 - users: test7 ] = Token verified","timestamp":"2025-11-30T12:56:50.197Z"}
{"level":"info","message":"[11 - users: test7] = fetched all seminars join joined data","timestamp":"2025-11-30T12:56:50.231Z"}
{"level":"info","message":"[11 - users: test7 ] = Token verified","timestamp":"2025-11-30T12:56:51.641Z"}
{"level":"info","message":"[11 - users: test7 ] = Token verified","timestamp":"2025-11-30T12:56:51.651Z"}
{"level":"info","message":"[11 - users: test7 ] = fetched latest seminars joined data","timestamp":"2025-11-30T12:56:51.654Z"}
{"level":"info","message":"[11 - users: test7 ] = fetched total seminars joined data","timestamp":"2025-11-30T12:56:51.659Z"}
{"level":"info","message":"[11 - users: test7 ] = Token verified","timestamp":"2025-11-30T13:00:16.026Z"}
{"level":"info","message":"[11 - users: test7 ] = Token verified","timestamp":"2025-11-30T13:00:16.045Z"}
{"level":"info","message":"[11 - users: test7 ] = fetched total seminars joined data","timestamp":"2025-11-30T13:00:16.055Z"}
{"level":"info","message":"[11 - users: test7 ] = fetched latest seminars joined data","timestamp":"2025-11-30T13:00:16.059Z"}
