{"level":"info","message":"Starting Seminar Hub server...","timestamp":"2025-11-23T14:21:25.682Z"}
{"level":"info","message":"Server running on http://localhost:3000","timestamp":"2025-11-23T14:21:25.692Z"}
{"level":"info","message":"Starting Seminar Hub server...","timestamp":"2025-11-23T15:02:54.269Z"}
{"level":"info","message":"Server running on http://localhost:3000","timestamp":"2025-11-23T15:02:54.281Z"}
{"level":"info","message":"Starting Seminar Hub server...","timestamp":"2025-11-23T15:02:58.574Z"}
{"level":"info","message":"Server running on http://localhost:3000","timestamp":"2025-11-23T15:02:58.622Z"}
{"level":"info","message":"Starting Seminar Hub server...","timestamp":"2025-11-23T15:11:01.012Z"}
{"level":"info","message":"Server running on http://localhost:3000","timestamp":"2025-11-23T15:11:01.026Z"}
{"level":"info","message":"Starting Seminar Hub server...","timestamp":"2025-11-23T15:11:03.112Z"}
{"level":"info","message":"Server running on http://localhost:3000","timestamp":"2025-11-23T15:11:03.122Z"}
{"level":"info","message":"[undefined - users: test7 ] = is registered","timestamp":"2025-11-23T15:11:35.576Z"}
{"level":"info","message":"[11 - users: test7 ] = Logged in","timestamp":"2025-11-23T15:11:43.724Z"}
{"level":"error","message":"[11 - users: test7 ] = Token verified","timestamp":"2025-11-23T15:11:43.812Z"}
{"level":"info","message":"[11 - users: test7 ] = fetched all seminars join joined data","timestamp":"2025-11-23T15:11:43.820Z"}
{"level":"error","message":"[11 - users: test7 ] = Token verified","timestamp":"2025-11-23T15:12:05.696Z"}
{"level":"info","message":"[11 - users: test7 ] = fetched all seminars join joined data","timestamp":"2025-11-23T15:12:05.708Z"}
{"level":"error","message":"[11 - users: test7 ] = Token verified","timestamp":"2025-11-23T15:12:22.094Z"}
{"level":"info","message":"[11 - users: test7 ] = fetched all seminars join joined data","timestamp":"2025-11-23T15:12:22.112Z"}
{"level":"error","message":"[11 - users: test7 ] = Token verified","timestamp":"2025-11-23T15:12:41.789Z"}
{"level":"info","message":"[11 - users: test7 ] = fetched all seminars join joined data","timestamp":"2025-11-23T15:12:41.831Z"}
{"level":"error","message":"[11 - users: test7 ] = Token verified","timestamp":"2025-11-23T15:12:54.015Z"}
{"level":"info","message":"[11 - users: test7 ] = fetched all seminars join joined data","timestamp":"2025-11-23T15:12:54.037Z"}
{"level":"error","message":"[11 - users: test7 ] = Token verified","timestamp":"2025-11-23T15:13:17.725Z"}
{"level":"info","message":"[11 - users: test7 ] = fetched all seminars join joined data","timestamp":"2025-11-23T15:13:17.732Z"}
{"level":"error","message":"[11 - users: test7 ] = Token verified","timestamp":"2025-11-23T15:13:19.317Z"}
{"level":"info","message":"[11 - users: test7 ] = fetched all seminars join joined data","timestamp":"2025-11-23T15:13:19.341Z"}
{"level":"info","message":"Starting Seminar Hub server...","timestamp":"2025-11-23T15:13:25.594Z"}
{"level":"info","message":"Server running on http://localhost:3000","timestamp":"2025-11-23T15:13:25.605Z"}
{"level":"info","message":"Starting Seminar Hub server...","timestamp":"2025-11-23T15:13:30.616Z"}
{"level":"info","message":"Server running on http://localhost:3000","timestamp":"2025-11-23T15:13:30.626Z"}
{"level":"error","message":"[11 - users: test7 ] = Token verified","timestamp":"2025-11-23T15:13:39.451Z"}
{"level":"info","message":"[11 - users: test7 ] = fetched all seminars join joined data","timestamp":"2025-11-23T15:13:39.548Z"}
{"level":"info","message":"[1 - admins: test1 ] = Logged in","timestamp":"2025-11-23T15:13:55.597Z"}
{"level":"error","message":"[1 - admins: test1 ] = Token verified","timestamp":"2025-11-23T15:13:55.746Z"}
{"level":"info","message":"[1 - admins: test1 ] = Successfully get admins data","timestamp":"2025-11-23T15:13:55.753Z"}
{"level":"error","message":"[1 - admins: test1 ] = Token verified","timestamp":"2025-11-23T15:13:57.978Z"}
{"level":"info","message":"[1 - admins: test1 ] = fetched all users data","timestamp":"2025-11-23T15:13:57.986Z"}
{"level":"error","message":"[1 - admins: test1 ] = Token verified","timestamp":"2025-11-23T15:14:13.465Z"}
{"level":"error","message":"[1 - admins: test1 ] = Token verified","timestamp":"2025-11-23T15:14:16.380Z"}
{"level":"info","message":"Starting Seminar Hub server...","timestamp":"2025-11-23T15:15:29.928Z"}
{"level":"info","message":"Server running on http://localhost:3000","timestamp":"2025-11-23T15:15:29.961Z"}
{"level":"info","message":"Starting Seminar Hub server...","timestamp":"2025-11-23T15:16:07.773Z"}
{"level":"info","message":"Server running on http://localhost:3000","timestamp":"2025-11-23T15:16:07.783Z"}
{"level":"info","message":"[11 - users: test7 ] = Token verified","timestamp":"2025-11-23T15:16:15.485Z"}
{"level":"info","message":"[1 - admins: test1 ] = Token verified","timestamp":"2025-11-23T15:16:15.614Z"}
{"level":"info","message":"[11 - users: test7 ] = fetched all seminars join joined data","timestamp":"2025-11-23T15:16:15.643Z"}
{"level":"info","message":"[1 - admins: test1 ] = fetched all users data","timestamp":"2025-11-23T15:16:15.658Z"}
{"level":"info","message":"[1 - admins: test1 ] = Token verified","timestamp":"2025-11-23T15:16:18.235Z"}
{"level":"info","message":"[11 - users: test7 ] = Token verified","timestamp":"2025-11-23T15:16:31.706Z"}
{"level":"info","message":"[11 - users: test7 ] = fetched all seminars join joined data","timestamp":"2025-11-23T15:16:31.718Z"}
{"level":"info","message":"[11 - users: test7 ] = Token verified","timestamp":"2025-11-23T15:17:11.987Z"}
{"level":"info","message":"[1 - admins: test1 ] = Token verified","timestamp":"2025-11-23T15:17:12.065Z"}
{"level":"info","message":"[11 - users: test7 ] = fetched all seminars join joined data","timestamp":"2025-11-23T15:17:12.075Z"}
{"level":"info","message":"[1 - admins: test1 ] = fetched all users data","timestamp":"2025-11-23T15:17:12.094Z"}
{"level":"info","message":"[1 - admins: test1 ] = Token verified","timestamp":"2025-11-23T15:17:15.100Z"}
{"level":"info","message":"[1 - admins: test1 ] = Token verified","timestamp":"2025-11-23T15:17:15.152Z"}
{"level":"info","message":"[11 - users: test7 ] = Token verified","timestamp":"2025-11-23T15:17:18.954Z"}
{"level":"info","message":"[11 - users: test7 ] = fetched all seminars join joined data","timestamp":"2025-11-23T15:17:18.991Z"}
{"level":"info","message":"[11 - users: test7 ] = Token verified","timestamp":"2025-11-23T15:17:20.313Z"}
{"level":"info","message":"[11 - users: test7 ] = fetched all seminars join joined data","timestamp":"2025-11-23T15:17:20.327Z"}
{"level":"info","message":"[1 - admins: test1 ] = Token verified","timestamp":"2025-11-23T15:17:22.148Z"}
{"level":"info","message":"[1 - admins: test1 ] = Successfully get admins data","timestamp":"2025-11-23T15:17:22.154Z"}
{"level":"info","message":"[1 - admins: test1 ] = Token verified","timestamp":"2025-11-23T15:17:24.616Z"}
{"level":"info","message":"[1 - admins: test1 ] = Token verified","timestamp":"2025-11-23T15:17:24.753Z"}
{"level":"info","message":"[1 - admins: test1 ] = Logged in","timestamp":"2025-11-23T15:17:34.803Z"}
{"level":"info","message":"[1 - admins: test1 ] = Token verified","timestamp":"2025-11-23T15:17:34.922Z"}
{"level":"info","message":"[1 - admins: test1 ] = Successfully get admins data","timestamp":"2025-11-23T15:17:34.928Z"}
{"level":"info","message":"[1 - admins: test1 ] = Token verified","timestamp":"2025-11-23T15:17:41.052Z"}
{"level":"info","message":"[1 - admins: test1 ] = fetched all users data","timestamp":"2025-11-23T15:17:41.054Z"}
{"level":"info","message":"[1 - admins: test1 ] = Token verified","timestamp":"2025-11-23T15:17:45.754Z"}
{"level":"info","message":"[1 - admins: test1 ] = Token verified","timestamp":"2025-11-23T15:17:47.955Z"}
{"level":"info","message":"[1 - admins: test1 ] = Token verified","timestamp":"2025-11-23T15:17:47.963Z"}
{"level":"info","message":"[1 - admins: test1 ] = Token verified","timestamp":"2025-11-23T15:17:47.976Z"}
{"level":"info","message":"[1 - admins: test1 ] = fetched total attendees data","timestamp":"2025-11-23T15:17:48.082Z"}
{"level":"info","message":"[1 - admins: test1 ] = fetched total users data","timestamp":"2025-11-23T15:17:48.086Z"}
{"level":"info","message":"[1 - admins: test1 ] = fetched total seminars data","timestamp":"2025-11-23T15:17:48.089Z"}
{"level":"info","message":"[1 - admins: test1 ] = Token verified","timestamp":"2025-11-23T15:17:48.993Z"}
{"level":"info","message":"[1 - admins: test1 ] = Successfully get admins data","timestamp":"2025-11-23T15:17:48.995Z"}
{"level":"info","message":"[1 - admins: test1 ] = Token verified","timestamp":"2025-11-23T15:17:50.639Z"}
{"level":"info","message":"[1 - admins: test1 ] = fetched all users data","timestamp":"2025-11-23T15:17:50.642Z"}
{"level":"info","message":"[1 - admins: test1 ] = Token verified","timestamp":"2025-11-23T15:18:04.644Z"}
{"level":"info","message":"[1 - admins: test1 ] = Token verified","timestamp":"2025-11-23T15:18:04.651Z"}
{"level":"info","message":"[1 - admins: test1 ] = fetched total attendees data","timestamp":"2025-11-23T15:18:04.657Z"}
{"level":"info","message":"[1 - admins: test1 ] = Token verified","timestamp":"2025-11-23T15:18:04.669Z"}
{"level":"info","message":"[1 - admins: test1 ] = fetched total seminars data","timestamp":"2025-11-23T15:18:04.674Z"}
{"level":"info","message":"[1 - admins: test1 ] = fetched total users data","timestamp":"2025-11-23T15:18:04.677Z"}
{"level":"info","message":"[1 - admins: test1 ] = Token verified","timestamp":"2025-11-23T15:18:05.069Z"}
{"level":"info","message":"[1 - admins: test1 ] = Successfully get admins data","timestamp":"2025-11-23T15:18:05.076Z"}
{"level":"info","message":"[11 - users: test7 ] = Token verified","timestamp":"2025-11-23T15:21:27.020Z"}
{"level":"info","message":"[11 - users: test7 ] = fetched all seminars join joined data","timestamp":"2025-11-23T15:21:27.061Z"}
{"level":"info","message":"[11 - users: test7 ] = Token verified","timestamp":"2025-11-23T15:21:29.490Z"}
{"level":"info","message":"[11 - users: test7 ] = fetched all seminars join joined data","timestamp":"2025-11-23T15:21:29.503Z"}
{"level":"info","message":"[11 - users: test7 ] = Token verified","timestamp":"2025-11-23T15:21:31.633Z"}
{"level":"info","message":"[11 - users: test7 ] = fetched all seminars join joined data","timestamp":"2025-11-23T15:21:31.644Z"}
{"level":"info","message":"[11 - users: test7 ] = Token verified","timestamp":"2025-11-23T15:21:33.393Z"}
{"level":"info","message":"[11 - users: test7 ] = fetched all seminars join joined data","timestamp":"2025-11-23T15:21:33.399Z"}
{"level":"info","message":"[11 - users: test7 ] = Token verified","timestamp":"2025-11-23T15:21:34.791Z"}
{"level":"info","message":"[11 - users: test7 ] = fetched all seminars join joined data","timestamp":"2025-11-23T15:21:34.797Z"}
{"level":"info","message":"[1 - admins: test1 ] = Token verified","timestamp":"2025-11-23T15:21:40.718Z"}
{"level":"info","message":"[1 - admins: test1 ] = Token verified","timestamp":"2025-11-23T15:21:40.740Z"}
{"level":"info","message":"[1 - admins: test1 ] = Logged in","timestamp":"2025-11-23T15:21:50.900Z"}
{"level":"info","message":"[1 - admins: test1 ] = Token verified","timestamp":"2025-11-23T15:21:50.967Z"}
{"level":"info","message":"[1 - admins: test1 ] = Successfully get admins data","timestamp":"2025-11-23T15:21:50.975Z"}
{"level":"info","message":"[1 - admins: test1 ] = Token verified","timestamp":"2025-11-23T15:21:54.197Z"}
{"level":"info","message":"[1 - admins: test1 ] = fetched all users data","timestamp":"2025-11-23T15:21:54.201Z"}
{"level":"info","message":"[1 - admins: test1 ] = Token verified","timestamp":"2025-11-23T15:22:01.460Z"}
{"level":"info","message":"[11 - users: test7 ] = Token verified","timestamp":"2025-11-23T15:22:06.953Z"}
{"level":"info","message":"[11 - users: test7 ] = fetched all seminars join joined data","timestamp":"2025-11-23T15:22:06.956Z"}
{"level":"info","message":"[1 - admins: test1 ] = Token verified","timestamp":"2025-11-23T15:22:55.461Z"}
{"level":"info","message":"[1 - admins: test1 ] = fetched all users data","timestamp":"2025-11-23T15:22:55.553Z"}
{"level":"info","message":"[11 - users: test7 ] = Token verified","timestamp":"2025-11-23T15:22:55.620Z"}
{"level":"info","message":"[11 - users: test7 ] = fetched all seminars join joined data","timestamp":"2025-11-23T15:22:55.654Z"}
{"level":"info","message":"[1 - admins: test1 ] = Token verified","timestamp":"2025-11-23T15:22:57.645Z"}
{"level":"info","message":"[1 - admins: test1 ] = Token verified","timestamp":"2025-11-23T15:22:57.683Z"}
{"level":"info","message":"[1 - admins: test1 ] = Token verified","timestamp":"2025-11-23T15:22:59.972Z"}
{"level":"info","message":"[1 - admins: test1 ] = Successfully get admins data","timestamp":"2025-11-23T15:22:59.977Z"}
{"level":"info","message":"[1 - admins: test1 ] = Token verified","timestamp":"2025-11-23T15:23:02.372Z"}
{"level":"info","message":"[1 - admins: test1 ] = fetched all users data","timestamp":"2025-11-23T15:23:02.378Z"}
{"level":"info","message":"[1 - admins: test1 ] = Token verified","timestamp":"2025-11-23T15:23:02.947Z"}
{"level":"info","message":"[1 - admins: test1 ] = Successfully get admins data","timestamp":"2025-11-23T15:23:02.949Z"}
{"level":"info","message":"[1 - admins: test1 ] = Token verified","timestamp":"2025-11-23T15:23:11.907Z"}
{"level":"info","message":"[1 - admins: test1 ] = fetched all users data","timestamp":"2025-11-23T15:23:11.920Z"}
{"level":"info","message":"[1 - admins: test1 ] = Token verified","timestamp":"2025-11-23T15:23:15.681Z"}
{"level":"info","message":"[11 - users: test7 ] = Token verified","timestamp":"2025-11-23T15:23:24.408Z"}
{"level":"info","message":"[11 - users: test7 ] = fetched all seminars join joined data","timestamp":"2025-11-23T15:23:24.411Z"}
{"level":"info","message":"[1 - admins: test1 ] = Token verified","timestamp":"2025-11-23T15:25:19.644Z"}
{"level":"info","message":"[11 - users: test7 ] = Token verified","timestamp":"2025-11-23T15:25:19.680Z"}
{"level":"info","message":"[1 - admins: test1 ] = fetched all users data","timestamp":"2025-11-23T15:25:19.708Z"}
{"level":"info","message":"[11 - users: test7 ] = fetched all seminars join joined data","timestamp":"2025-11-23T15:25:19.721Z"}
{"level":"info","message":"[11 - users: test7 ] = Token verified","timestamp":"2025-11-23T15:25:22.165Z"}
{"level":"info","message":"[11 - users: test7 ] = fetched all seminars join joined data","timestamp":"2025-11-23T15:25:22.281Z"}
{"level":"info","message":"[1 - admins: test1 ] = Token verified","timestamp":"2025-11-23T15:26:19.379Z"}
{"level":"info","message":"[1 - admins: test1 ] = fetched all users data","timestamp":"2025-11-23T15:26:19.580Z"}
{"level":"info","message":"[11 - users: test7 ] = Token verified","timestamp":"2025-11-23T15:26:19.978Z"}
{"level":"info","message":"[11 - users: test7 ] = fetched all seminars join joined data","timestamp":"2025-11-23T15:26:19.981Z"}
{"level":"info","message":"[11 - users: test7 ] = Token verified","timestamp":"2025-11-23T15:26:20.891Z"}
{"level":"info","message":"[1 - admins: test1 ] = Token verified","timestamp":"2025-11-23T15:26:20.992Z"}
{"level":"info","message":"[11 - users: test7 ] = fetched all seminars join joined data","timestamp":"2025-11-23T15:26:21.008Z"}
{"level":"info","message":"[1 - admins: test1 ] = fetched all users data","timestamp":"2025-11-23T15:26:21.011Z"}
{"level":"info","message":"[1 - admins: test1 ] = Token verified","timestamp":"2025-11-23T15:26:23.115Z"}
{"level":"info","message":"[1 - admins: test1 ] = Token verified","timestamp":"2025-11-23T15:26:23.145Z"}
{"level":"info","message":"[1 - admins: test1 ] = Token verified","timestamp":"2025-11-23T15:26:24.923Z"}
{"level":"info","message":"[1 - admins: test1 ] = Successfully get admins data","timestamp":"2025-11-23T15:26:24.926Z"}
{"level":"info","message":"[1 - admins: test1 ] = Token verified","timestamp":"2025-11-23T15:26:28.522Z"}
{"level":"info","message":"[1 - admins: test1 ] = successfully deleted admin","timestamp":"2025-11-23T15:26:28.583Z"}
{"level":"info","message":"[1 - admins: test1 ] = Token verified","timestamp":"2025-11-23T15:26:28.599Z"}
{"level":"info","message":"[1 - admins: test1 ] = Successfully get admins data","timestamp":"2025-11-23T15:26:28.602Z"}
{"level":"info","message":"[1 - admins: test1 ] = Token verified","timestamp":"2025-11-23T15:26:40.998Z"}
{"level":"info","message":"[1 - admins: test1 ] = Token verified","timestamp":"2025-11-23T15:26:41.046Z"}
{"level":"info","message":"[1 - admins: test1 ] = Token verified","timestamp":"2025-11-23T15:26:42.196Z"}
{"level":"info","message":"[1 - admins: test1 ] = fetched all users data","timestamp":"2025-11-23T15:26:42.198Z"}
{"level":"info","message":"[1 - admins: test1 ] = Token verified","timestamp":"2025-11-23T15:26:46.311Z"}
{"level":"info","message":"[1 - admins: test1 ] = fetched all users data","timestamp":"2025-11-23T15:26:46.314Z"}
{"level":"info","message":"[1 - admins: test1 ] = Token verified","timestamp":"2025-11-23T15:26:54.019Z"}
{"level":"info","message":"[11 - users: test7 ] = Token verified","timestamp":"2025-11-23T15:27:03.516Z"}
{"level":"info","message":"[11 - users: test7 ] = fetched all seminars join joined data","timestamp":"2025-11-23T15:27:03.573Z"}
{"level":"info","message":"[1 - admins: test1 ] = Token verified","timestamp":"2025-11-23T15:31:45.949Z"}
{"level":"info","message":"[1 - admins: test1 ] = fetched all users data","timestamp":"2025-11-23T15:31:45.952Z"}
{"level":"info","message":"[1 - admins: test1 ] = Token verified","timestamp":"2025-11-23T15:31:51.210Z"}
{"level":"info","message":"[1 - admins: test1 ] = fetched all users data","timestamp":"2025-11-23T15:31:51.217Z"}
{"level":"info","message":"[11 - users: test7 ] = Token verified","timestamp":"2025-11-23T15:31:51.327Z"}
{"level":"info","message":"[11 - users: test7 ] = fetched all seminars join joined data","timestamp":"2025-11-23T15:31:51.330Z"}
{"level":"info","message":"[1 - admins: test1 ] = Token verified","timestamp":"2025-11-23T15:31:54.343Z"}
{"level":"info","message":"[1 - admins: test1 ] = Token verified","timestamp":"2025-11-23T15:32:09.358Z"}
{"level":"info","message":"[1 - admins: test1 ] = Token verified","timestamp":"2025-11-23T15:32:09.385Z"}
{"level":"info","message":"[11 - users: test7 ] = Token verified","timestamp":"2025-11-23T15:32:10.584Z"}
{"level":"info","message":"[11 - users: test7 ] = fetched all seminars join joined data","timestamp":"2025-11-23T15:32:10.589Z"}
{"level":"info","message":"[11 - users: test7 ] = Token verified","timestamp":"2025-11-23T15:32:18.883Z"}
{"level":"info","message":"[11 - users: test7 ] = fetched all seminars join joined data","timestamp":"2025-11-23T15:32:18.939Z"}
{"level":"info","message":"[1 - admins: test1 ] = Logged in","timestamp":"2025-11-23T15:32:25.333Z"}
{"level":"info","message":"[1 - admins: test1 ] = Token verified","timestamp":"2025-11-23T15:32:25.487Z"}
{"level":"info","message":"[1 - admins: test1 ] = Successfully get admins data","timestamp":"2025-11-23T15:32:25.505Z"}
{"level":"info","message":"[1 - admins: test1 ] = Token verified","timestamp":"2025-11-23T15:32:28.687Z"}
{"level":"info","message":"[1 - admins: test1 ] = fetched all users data","timestamp":"2025-11-23T15:32:28.690Z"}
{"level":"info","message":"[1 - admins: test1 ] = Token verified","timestamp":"2025-11-23T15:32:31.885Z"}
{"level":"info","message":"[11 - users: test7 ] = Token verified","timestamp":"2025-11-23T15:32:37.824Z"}
{"level":"info","message":"[11 - users: test7 ] = fetched all seminars join joined data","timestamp":"2025-11-23T15:32:37.827Z"}
{"level":"info","message":"[1 - admins: test1 ] = Token verified","timestamp":"2025-11-23T15:32:53.876Z"}
{"level":"info","message":"[1 - admins: test1 ] = fetched all users data","timestamp":"2025-11-23T15:32:53.878Z"}
{"level":"info","message":"[1 - admins: test1 ] = Token verified","timestamp":"2025-11-23T15:33:05.868Z"}
{"level":"info","message":"[1 - admins: test1 ] = fetched all users data","timestamp":"2025-11-23T15:33:05.870Z"}
{"level":"info","message":"[1 - admins: test1 ] = Token verified","timestamp":"2025-11-23T15:33:06.284Z"}
{"level":"info","message":"[1 - admins: test1 ] = fetched all users data","timestamp":"2025-11-23T15:33:06.302Z"}
{"level":"info","message":"[11 - users: test7 ] = Token verified","timestamp":"2025-11-23T15:33:06.333Z"}
{"level":"info","message":"[11 - users: test7 ] = fetched all seminars join joined data","timestamp":"2025-11-23T15:33:06.347Z"}
{"level":"info","message":"[1 - admins: test1 ] = Token verified","timestamp":"2025-11-23T15:33:09.167Z"}
{"level":"info","message":"[11 - users: test7 ] = Token verified","timestamp":"2025-11-23T15:33:13.442Z"}
{"level":"info","message":"[11 - users: test7 ] = fetched all seminars join joined data","timestamp":"2025-11-23T15:33:13.445Z"}
{"level":"info","message":"[11 - users: test7 ] = Token verified","timestamp":"2025-11-23T15:36:44.916Z"}
{"level":"info","message":"[11 - users: test7 ] = fetched all seminars join joined data","timestamp":"2025-11-23T15:36:44.928Z"}
{"level":"info","message":"[1 - admins: test1 ] = Token verified","timestamp":"2025-11-23T15:36:52.170Z"}
{"level":"info","message":"[1 - admins: test1 ] = fetched all users data","timestamp":"2025-11-23T15:36:52.244Z"}
{"level":"info","message":"[1 - admins: test1 ] = Token verified","timestamp":"2025-11-23T15:37:31.246Z"}
{"level":"info","message":"[1 - admins: test1 ] = fetched all users data","timestamp":"2025-11-23T15:37:31.250Z"}
{"level":"info","message":"[1 - admins: test1 ] = Token verified","timestamp":"2025-11-23T15:37:39.210Z"}
{"level":"info","message":"[1 - admins: test1 ] = fetched all users data","timestamp":"2025-11-23T15:37:39.214Z"}
{"level":"info","message":"[1 - admins: test1 ] = Token verified","timestamp":"2025-11-23T15:39:23.229Z"}
{"level":"info","message":"[1 - admins: test1 ] = fetched all users data","timestamp":"2025-11-23T15:39:23.237Z"}
{"level":"info","message":"[1 - admins: test1 ] = Token verified","timestamp":"2025-11-23T15:39:30.264Z"}
{"level":"info","message":"[1 - admins: test1 ] = fetched all users data","timestamp":"2025-11-23T15:39:30.267Z"}
{"level":"info","message":"[1 - admins: test1 ] = Token verified","timestamp":"2025-11-23T15:39:33.039Z"}
{"level":"info","message":"[1 - admins: test1 ] = Token verified","timestamp":"2025-11-23T15:39:41.797Z"}
{"level":"info","message":"[1 - admins: test1 ] = fetched all users data","timestamp":"2025-11-23T15:39:41.844Z"}
{"level":"info","message":"[1 - admins: test1 ] = Token verified","timestamp":"2025-11-23T15:40:18.910Z"}
{"level":"info","message":"[1 - admins: test1 ] = fetched all users data","timestamp":"2025-11-23T15:40:18.912Z"}
{"level":"info","message":"[1 - admins: test1 ] = Token verified","timestamp":"2025-11-23T15:40:22.025Z"}
{"level":"info","message":"[1 - admins: test1 ] = fetched all users data","timestamp":"2025-11-23T15:40:22.039Z"}
{"level":"info","message":"[1 - admins: test1 ] = Token verified","timestamp":"2025-11-23T15:40:24.665Z"}
{"level":"info","message":"[1 - admins: test1 ] = Token verified","timestamp":"2025-11-23T15:40:41.877Z"}
{"level":"info","message":"[1 - admins: test1 ] = fetched all users data","timestamp":"2025-11-23T15:40:41.880Z"}
{"level":"info","message":"[1 - admins: test1 ] = Token verified","timestamp":"2025-11-23T15:40:56.724Z"}
{"level":"info","message":"[1 - admins: test1 ] = fetched all users data","timestamp":"2025-11-23T15:40:56.774Z"}
{"level":"info","message":"[1 - admins: test1 ] = Token verified","timestamp":"2025-11-23T15:41:00.655Z"}
{"level":"info","message":"[1 - admins: test1 ] = Token verified","timestamp":"2025-11-23T15:41:42.885Z"}
{"level":"info","message":"[1 - admins: test1 ] = fetched all users data","timestamp":"2025-11-23T15:41:42.887Z"}
{"level":"info","message":"[1 - admins: test1 ] = Token verified","timestamp":"2025-11-23T15:41:43.388Z"}
{"level":"info","message":"[1 - admins: test1 ] = fetched all users data","timestamp":"2025-11-23T15:41:43.450Z"}
{"level":"info","message":"[1 - admins: test1 ] = Token verified","timestamp":"2025-11-23T15:41:46.565Z"}
{"level":"info","message":"[1 - admins: test1 ] = Token verified","timestamp":"2025-11-23T15:44:31.251Z"}
{"level":"info","message":"[1 - admins: test1 ] = fetched all users data","timestamp":"2025-11-23T15:44:31.322Z"}
{"level":"info","message":"[1 - admins: test1 ] = Token verified","timestamp":"2025-11-23T15:45:18.977Z"}
{"level":"info","message":"[1 - admins: test1 ] = fetched all users data","timestamp":"2025-11-23T15:45:18.998Z"}
{"level":"info","message":"[1 - admins: test1 ] = Token verified","timestamp":"2025-11-23T15:45:27.971Z"}
{"level":"info","message":"[1 - admins: test1 ] = fetched all users data","timestamp":"2025-11-23T15:45:27.987Z"}
{"level":"info","message":"[1 - admins: test1 ] = Token verified","timestamp":"2025-11-23T15:47:28.547Z"}
{"level":"info","message":"[1 - admins: test1 ] = fetched all users data","timestamp":"2025-11-23T15:47:28.565Z"}
{"level":"info","message":"[1 - admins: test1 ] = Token verified","timestamp":"2025-11-23T15:47:33.641Z"}
{"level":"info","message":"[1 - admins: test1 ] = Token verified","timestamp":"2025-11-23T15:47:33.673Z"}
{"level":"info","message":"[1 - admins: test1 ] = Token verified","timestamp":"2025-11-23T15:47:39.785Z"}
{"level":"info","message":"[1 - admins: test1 ] = Token verified","timestamp":"2025-11-23T15:47:39.805Z"}
{"level":"info","message":"[1 - admins: test1 ] = Logged in","timestamp":"2025-11-23T15:47:44.751Z"}
{"level":"info","message":"[1 - admins: test1 ] = Token verified","timestamp":"2025-11-23T15:47:44.851Z"}
{"level":"info","message":"[1 - admins: test1 ] = Successfully get admins data","timestamp":"2025-11-23T15:47:44.856Z"}
{"level":"info","message":"[1 - admins: test1 ] = Token verified","timestamp":"2025-11-23T15:47:47.037Z"}
{"level":"info","message":"[1 - admins: test1 ] = fetched all users data","timestamp":"2025-11-23T15:47:47.040Z"}
{"level":"info","message":"[1 - admins: test1 ] = Token verified","timestamp":"2025-11-23T15:47:50.583Z"}
{"level":"info","message":"[1 - admins: test1 ] = Token verified","timestamp":"2025-11-23T15:47:59.860Z"}
{"level":"info","message":"[1 - admins: test1 ] = fetched all users data","timestamp":"2025-11-23T15:47:59.870Z"}
{"level":"info","message":"[1 - admins: test1 ] = Token verified","timestamp":"2025-11-23T15:48:02.143Z"}
{"level":"info","message":"[1 - admins: test1 ] = fetched all users data","timestamp":"2025-11-23T15:48:02.147Z"}
{"level":"info","message":"Starting Seminar Hub server...","timestamp":"2025-11-23T15:50:17.812Z"}
{"level":"info","message":"Server running on http://localhost:3000","timestamp":"2025-11-23T15:50:17.823Z"}
{"level":"info","message":"[11 - users: test7 ] = Token verified","timestamp":"2025-11-23T15:50:19.800Z"}
{"level":"info","message":"[11 - users: test7 ] = fetched all seminars join joined data","timestamp":"2025-11-23T15:50:19.973Z"}
{"level":"info","message":"[11 - users: test7 ] = Token verified","timestamp":"2025-11-23T15:50:20.909Z"}
{"level":"info","message":"[11 - users: test7 ] = Token verified","timestamp":"2025-11-23T15:50:20.936Z"}
{"level":"info","message":"[11 - users: test7 ] = Token verified","timestamp":"2025-11-23T15:50:21.039Z"}
{"level":"info","message":"[11 - users: test7 ] = fetched all seminars join joined data","timestamp":"2025-11-23T15:50:21.052Z"}
{"level":"info","message":"[1 - admins: test1 ] = Token verified","timestamp":"2025-11-23T15:50:22.398Z"}
{"level":"info","message":"[1 - admins: test1 ] = fetched all users data","timestamp":"2025-11-23T15:50:22.402Z"}
{"level":"info","message":"[1 - admins: test1 ] = Token verified","timestamp":"2025-11-23T15:50:24.972Z"}
{"level":"info","message":"[1 - admins: test1 ] = edited seminars data","timestamp":"2025-11-23T15:50:25.031Z"}
{"level":"info","message":"[1 - admins: test1 ] = Token verified","timestamp":"2025-11-23T15:50:25.047Z"}
{"level":"info","message":"[1 - admins: test1 ] = fetched all users data","timestamp":"2025-11-23T15:50:25.050Z"}
{"level":"info","message":"[11 - users: test7 ] = Token verified","timestamp":"2025-11-23T15:50:27.216Z"}
{"level":"info","message":"[11 - users: test7 ] = fetched all seminars join joined data","timestamp":"2025-11-23T15:50:27.224Z"}
{"level":"info","message":"[11 - users: test7 ] = Token verified","timestamp":"2025-11-23T15:50:33.262Z"}
{"level":"info","message":"[1 - admins: test1 ] = Token verified","timestamp":"2025-11-23T15:50:33.292Z"}
{"level":"info","message":"[11 - users: test7 ] = fetched all seminars join joined data","timestamp":"2025-11-23T15:50:33.306Z"}
{"level":"info","message":"[1 - admins: test1 ] = fetched all users data","timestamp":"2025-11-23T15:50:33.320Z"}
{"level":"info","message":"[1 - admins: test1 ] = Token verified","timestamp":"2025-11-23T15:50:36.489Z"}
{"level":"info","message":"[1 - admins: test1 ] = fetched all users data","timestamp":"2025-11-23T15:50:36.493Z"}
{"level":"info","message":"[1 - admins: test1 ] = Token verified","timestamp":"2025-11-23T15:51:37.185Z"}
{"level":"info","message":"[1 - admins: test1 ] = fetched all users data","timestamp":"2025-11-23T15:51:37.207Z"}
{"level":"info","message":"[1 - admins: test1 ] = Token verified","timestamp":"2025-11-23T16:49:21.945Z"}
{"level":"info","message":"[1 - admins: test1 ] = fetched all users data","timestamp":"2025-11-23T16:49:22.044Z"}
{"level":"info","message":"[1 - admins: test1 ] = Token verified","timestamp":"2025-11-23T16:49:23.391Z"}
{"level":"info","message":"[1 - admins: test1 ] = Token verified","timestamp":"2025-11-23T16:49:23.455Z"}
{"level":"info","message":"[1 - admins: test1 ] = Token verified","timestamp":"2025-11-23T16:50:21.048Z"}
{"level":"info","message":"[1 - admins: test1 ] = Successfully get admins data","timestamp":"2025-11-23T16:50:21.061Z"}
{"level":"info","message":"[11 - users: test7 ] = Logged in","timestamp":"2025-11-23T16:50:57.578Z"}
{"level":"info","message":"[11 - users: test7 ] = Token verified","timestamp":"2025-11-23T16:50:57.713Z"}
{"level":"info","message":"[11 - users: test7 ] = fetched all seminars join joined data","timestamp":"2025-11-23T16:50:57.718Z"}
{"level":"info","message":"[11 - users: test7 ] = Token verified","timestamp":"2025-11-23T16:55:46.878Z"}
{"level":"info","message":"[11 - users: test7 ] = fetched all seminars join joined data","timestamp":"2025-11-23T16:55:46.881Z"}
{"level":"info","message":"[11 - users: test7 ] = Token verified","timestamp":"2025-11-23T16:56:23.930Z"}
{"level":"info","message":"[11 - users: test7 ] = fetched all seminars join joined data","timestamp":"2025-11-23T16:56:23.967Z"}
{"level":"info","message":"[11 - users: test7 ] = Token verified","timestamp":"2025-11-23T16:57:03.942Z"}
{"level":"info","message":"[11 - users: test7 ] = fetched all seminars join joined data","timestamp":"2025-11-23T16:57:03.992Z"}
{"level":"info","message":"[11 - users: test7 ] = Token verified","timestamp":"2025-11-23T16:57:50.526Z"}
{"level":"info","message":"[11 - users: test7 ] = fetched all seminars join joined data","timestamp":"2025-11-23T16:57:50.541Z"}
{"level":"info","message":"[11 - users: test7 ] = Token verified","timestamp":"2025-11-23T16:59:47.123Z"}
{"level":"info","message":"[11 - users: test7 ] = fetched all seminars join joined data","timestamp":"2025-11-23T16:59:47.127Z"}
{"level":"info","message":"[11 - users: test7 ] = Token verified","timestamp":"2025-11-23T16:59:53.915Z"}
{"level":"info","message":"[11 - users: test7 ] = fetched all seminars join joined data","timestamp":"2025-11-23T16:59:53.919Z"}
{"level":"info","message":"[11 - users: test7 ] = Token verified","timestamp":"2025-11-23T16:59:57.920Z"}
{"level":"info","message":"[11 - users: test7 ] = fetched all seminars join joined data","timestamp":"2025-11-23T16:59:58.045Z"}
{"level":"info","message":"[11 - users: test7 ] = Token verified","timestamp":"2025-11-23T17:00:01.337Z"}
{"level":"info","message":"[11 - users: test7 ] = Token verified","timestamp":"2025-11-23T17:00:01.378Z"}
{"level":"info","message":"[11 - users: test7 ] = Token verified","timestamp":"2025-11-23T17:00:01.411Z"}
{"level":"info","message":"[11 - users: test7 ] = fetched all seminars join joined data","timestamp":"2025-11-23T17:00:01.413Z"}
{"level":"info","message":"[11 - users: test7 ] = Token verified","timestamp":"2025-11-23T17:01:14.419Z"}
{"level":"info","message":"[11 - users: test7 ] = fetched all seminars join joined data","timestamp":"2025-11-23T17:01:14.488Z"}
{"level":"info","message":"[11 - users: test7 ] = Token verified","timestamp":"2025-11-23T17:01:15.408Z"}
{"level":"info","message":"[11 - users: test7 ] = Token verified","timestamp":"2025-11-23T17:01:15.433Z"}
{"level":"info","message":"[11 - users: test7 ] = Token verified","timestamp":"2025-11-23T17:01:15.535Z"}
{"level":"info","message":"[11 - users: test7 ] = fetched all seminars join joined data","timestamp":"2025-11-23T17:01:15.538Z"}
{"level":"info","message":"[11 - users: test7 ] = Token verified","timestamp":"2025-11-23T17:01:17.094Z"}
{"level":"info","message":"[11 - users: test7 ] = fetched all seminars join joined data","timestamp":"2025-11-23T17:01:17.143Z"}
{"level":"info","message":"[11 - users: test7 ] = Token verified","timestamp":"2025-11-23T17:02:23.635Z"}
{"level":"info","message":"[11 - users: test7 ] = Token verified","timestamp":"2025-11-23T17:02:23.674Z"}
{"level":"info","message":"[11 - users: test7 ] = fetched all seminars join joined data","timestamp":"2025-11-23T17:02:23.679Z"}
{"level":"info","message":"[11 - users: test7 ] = fetched all seminars join joined data","timestamp":"2025-11-23T17:02:23.743Z"}
{"level":"info","message":"[11 - users: test7 ] = Token verified","timestamp":"2025-11-23T17:02:26.911Z"}
{"level":"info","message":"[11 - users: test7 ] = Token verified","timestamp":"2025-11-23T17:02:26.968Z"}
{"level":"info","message":"[11 - users: test7 ] = Token verified","timestamp":"2025-11-23T17:02:26.997Z"}
{"level":"info","message":"[11 - users: test7 ] = fetched all seminars join joined data","timestamp":"2025-11-23T17:02:27.007Z"}
{"level":"info","message":"[11 - users: test7 ] = Token verified","timestamp":"2025-11-23T17:02:29.488Z"}
{"level":"info","message":"[11 - users: test7 ] = joined a seminar","timestamp":"2025-11-23T17:02:29.561Z"}
{"level":"info","message":"[11 - users: test7 ] = Token verified","timestamp":"2025-11-23T17:02:34.613Z"}
{"level":"info","message":"[11 - users: test7 ] = Token verified","timestamp":"2025-11-23T17:02:34.682Z"}
{"level":"info","message":"[11 - users: test7 ] = Token verified","timestamp":"2025-11-23T17:02:34.699Z"}
{"level":"info","message":"[11 - users: test7 ] = fetched all seminars join joined data","timestamp":"2025-11-23T17:02:34.706Z"}
{"level":"info","message":"[11 - users: test7 ] = Token verified","timestamp":"2025-11-23T17:03:16.173Z"}
{"level":"info","message":"[11 - users: test7 ] = Token verified","timestamp":"2025-11-23T17:03:16.192Z"}
{"level":"info","message":"[11 - users: test7 ] = fetched all seminars join joined data","timestamp":"2025-11-23T17:03:16.217Z"}
{"level":"info","message":"[11 - users: test7 ] = fetched all seminars join joined data","timestamp":"2025-11-23T17:03:16.219Z"}
{"level":"info","message":"[11 - users: test7 ] = Token verified","timestamp":"2025-11-23T17:03:17.973Z"}
{"level":"info","message":"[11 - users: test7 ] = fetched all seminars join joined data","timestamp":"2025-11-23T17:03:17.976Z"}
{"level":"info","message":"[11 - users: test7 ] = Token verified","timestamp":"2025-11-23T17:03:30.441Z"}
{"level":"info","message":"[11 - users: test7 ] = fetched all seminars join joined data","timestamp":"2025-11-23T17:03:30.447Z"}
{"level":"info","message":"[11 - users: test7 ] = Token verified","timestamp":"2025-11-23T17:03:30.471Z"}
{"level":"info","message":"[11 - users: test7 ] = fetched all seminars join joined data","timestamp":"2025-11-23T17:03:30.526Z"}
{"level":"info","message":"[11 - users: test7 ] = Token verified","timestamp":"2025-11-23T17:04:16.090Z"}
{"level":"info","message":"[11 - users: test7 ] = fetched all seminars join joined data","timestamp":"2025-11-23T17:04:16.121Z"}
{"level":"info","message":"[11 - users: test7 ] = Token verified","timestamp":"2025-11-23T17:04:16.143Z"}
{"level":"info","message":"[11 - users: test7 ] = fetched all seminars join joined data","timestamp":"2025-11-23T17:04:16.156Z"}
{"level":"info","message":"[11 - users: test7 ] = Token verified","timestamp":"2025-11-23T17:04:19.546Z"}
{"level":"info","message":"[11 - users: test7 ] = Token verified","timestamp":"2025-11-23T17:04:19.577Z"}
{"level":"info","message":"[11 - users: test7 ] = Token verified","timestamp":"2025-11-23T17:04:19.645Z"}
{"level":"info","message":"[11 - users: test7 ] = fetched all seminars join joined data","timestamp":"2025-11-23T17:04:19.657Z"}
{"level":"info","message":"[11 - users: test7 ] = Token verified","timestamp":"2025-11-23T17:04:22.256Z"}
{"level":"info","message":"[11 - users: test7 ] = joined a seminar","timestamp":"2025-11-23T17:04:22.352Z"}
{"level":"info","message":"[11 - users: test7 ] = Token verified","timestamp":"2025-11-23T17:04:28.670Z"}
{"level":"info","message":"[11 - users: test7 ] = Token verified","timestamp":"2025-11-23T17:04:28.732Z"}
{"level":"info","message":"[11 - users: test7 ] = Token verified","timestamp":"2025-11-23T17:04:28.782Z"}
{"level":"info","message":"[11 - users: test7 ] = fetched all seminars join joined data","timestamp":"2025-11-23T17:04:28.792Z"}
{"level":"info","message":"[11 - users: test7 ] = Token verified","timestamp":"2025-11-23T17:04:42.848Z"}
{"level":"info","message":"[11 - users: test7 ] = fetched all seminars join joined data","timestamp":"2025-11-23T17:04:42.854Z"}
{"level":"info","message":"[11 - users: test7 ] = Token verified","timestamp":"2025-11-23T17:05:02.867Z"}
{"level":"info","message":"[11 - users: test7 ] = fetched all seminars join joined data","timestamp":"2025-11-23T17:05:02.870Z"}
{"level":"info","message":"[11 - users: test7 ] = Token verified","timestamp":"2025-11-23T17:05:02.910Z"}
{"level":"info","message":"[11 - users: test7 ] = fetched all seminars join joined data","timestamp":"2025-11-23T17:05:02.914Z"}
{"level":"info","message":"[11 - users: test7 ] = Token verified","timestamp":"2025-11-23T17:05:32.233Z"}
{"level":"info","message":"[11 - users: test7 ] = fetched all seminars join joined data","timestamp":"2025-11-23T17:05:32.263Z"}
{"level":"info","message":"[11 - users: test7 ] = Token verified","timestamp":"2025-11-23T17:05:32.302Z"}
{"level":"info","message":"[11 - users: test7 ] = fetched all seminars join joined data","timestamp":"2025-11-23T17:05:32.315Z"}
{"level":"info","message":"[11 - users: test7 ] = Token verified","timestamp":"2025-11-23T17:06:31.762Z"}
{"level":"info","message":"[11 - users: test7 ] = fetched all seminars join joined data","timestamp":"2025-11-23T17:06:31.808Z"}
{"level":"info","message":"[11 - users: test7 ] = Token verified","timestamp":"2025-11-23T17:06:33.896Z"}
{"level":"info","message":"[11 - users: test7 ] = fetched all seminars join joined data","timestamp":"2025-11-23T17:06:33.913Z"}
{"level":"info","message":"[11 - users: test7 ] = Token verified","timestamp":"2025-11-23T17:07:23.013Z"}
{"level":"info","message":"[11 - users: test7 ] = fetched all seminars join joined data","timestamp":"2025-11-23T17:07:23.094Z"}
{"level":"info","message":"[11 - users: test7 ] = Token verified","timestamp":"2025-11-23T17:07:30.771Z"}
{"level":"info","message":"[11 - users: test7 ] = fetched all seminars join joined data","timestamp":"2025-11-23T17:07:30.778Z"}
{"level":"info","message":"[11 - users: test7 ] = Token verified","timestamp":"2025-11-23T17:07:30.919Z"}
{"level":"info","message":"[11 - users: test7 ] = fetched all seminars join joined data","timestamp":"2025-11-23T17:07:30.924Z"}
{"level":"info","message":"[11 - users: test7 ] = Token verified","timestamp":"2025-11-23T17:07:33.646Z"}
{"level":"info","message":"[11 - users: test7 ] = Token verified","timestamp":"2025-11-23T17:07:33.678Z"}
{"level":"info","message":"[11 - users: test7 ] = Token verified","timestamp":"2025-11-23T17:07:33.718Z"}
{"level":"info","message":"[11 - users: test7 ] = fetched all seminars join joined data","timestamp":"2025-11-23T17:07:33.721Z"}
{"level":"info","message":"[11 - users: test7 ] = Token verified","timestamp":"2025-11-23T17:07:36.202Z"}
{"level":"info","message":"[11 - users: test7 ] = joined a seminar","timestamp":"2025-11-23T17:07:36.249Z"}
{"level":"info","message":"[11 - users: test7 ] = Token verified","timestamp":"2025-11-23T17:07:36.264Z"}
{"level":"info","message":"[11 - users: test7 ] = fetched all seminars join joined data","timestamp":"2025-11-23T17:07:36.267Z"}
{"level":"info","message":"[11 - users: test7 ] = Token verified","timestamp":"2025-11-23T17:07:44.904Z"}
{"level":"info","message":"[11 - users: test7 ] = fetched all seminars join joined data","timestamp":"2025-11-23T17:07:44.918Z"}
{"level":"info","message":"[11 - users: test7 ] = Token verified","timestamp":"2025-11-23T17:07:48.283Z"}
{"level":"info","message":"[11 - users: test7 ] = fetched all seminars join joined data","timestamp":"2025-11-23T17:07:48.306Z"}
{"level":"info","message":"[11 - users: test7 ] = Token verified","timestamp":"2025-11-23T17:08:08.678Z"}
{"level":"info","message":"[11 - users: test7 ] = fetched all seminars join joined data","timestamp":"2025-11-23T17:08:08.699Z"}
{"level":"info","message":"[11 - users: test7 ] = Token verified","timestamp":"2025-11-23T17:08:11.160Z"}
{"level":"info","message":"[11 - users: test7 ] = fetched all seminars join joined data","timestamp":"2025-11-23T17:08:11.190Z"}
{"level":"info","message":"[11 - users: test7 ] = Token verified","timestamp":"2025-11-23T17:08:20.018Z"}
{"level":"info","message":"[11 - users: test7 ] = fetched all seminars join joined data","timestamp":"2025-11-23T17:08:20.032Z"}
{"level":"info","message":"[11 - users: test7 ] = Token verified","timestamp":"2025-11-23T17:08:49.918Z"}
{"level":"info","message":"[11 - users: test7 ] = fetched all seminars join joined data","timestamp":"2025-11-23T17:08:49.956Z"}
{"level":"info","message":"[11 - users: test7 ] = Token verified","timestamp":"2025-11-23T17:09:40.566Z"}
{"level":"info","message":"[11 - users: test7 ] = fetched all seminars join joined data","timestamp":"2025-11-23T17:09:40.575Z"}
{"level":"info","message":"[11 - users: test7 ] = Token verified","timestamp":"2025-11-23T17:09:46.192Z"}
{"level":"info","message":"[11 - users: test7 ] = Token verified","timestamp":"2025-11-23T17:09:46.205Z"}
{"level":"info","message":"[11 - users: test7 ] = fetched latest seminars joined data","timestamp":"2025-11-23T17:09:46.221Z"}
{"level":"info","message":"[11 - users: test7 ] = fetched total seminars joined data","timestamp":"2025-11-23T17:09:46.238Z"}
{"level":"info","message":"[11 - users: test7 ] = Token verified","timestamp":"2025-11-23T17:09:53.446Z"}
{"level":"info","message":"[11 - users: test7 ] = fetched all seminars join joined data","timestamp":"2025-11-23T17:09:53.453Z"}
{"level":"info","message":"[11 - users: test7 ] = Token verified","timestamp":"2025-11-23T17:10:26.918Z"}
{"level":"info","message":"[11 - users: test7 ] = fetched all seminars join joined data","timestamp":"2025-11-23T17:10:26.920Z"}
