{"level":"info","message":"Starting Seminar Hub server...","timestamp":"2025-11-24T16:08:38.197Z"}
{"level":"info","message":"Server running on http://localhost:3000","timestamp":"2025-11-24T16:08:38.221Z"}
{"level":"info","message":"[1 - admins: test1 ] = Logged in","timestamp":"2025-11-24T16:11:11.453Z"}
{"level":"info","message":"[1 - admins: test1 ] = Token verified","timestamp":"2025-11-24T16:11:11.583Z"}
{"level":"info","message":"[1 - admins: test1 ] = Successfully get admins data","timestamp":"2025-11-24T16:11:11.594Z"}
{"level":"info","message":"[1 - admins: test1 ] = Token verified","timestamp":"2025-11-24T16:11:31.791Z"}
{"level":"info","message":"[1 - admins: test1 ] = Successfully get admins data","timestamp":"2025-11-24T16:11:31.825Z"}
{"level":"info","message":"[1 - admins: test1 ] = Token verified","timestamp":"2025-11-24T16:11:36.314Z"}
{"level":"info","message":"[1 - admins: test1 ] = successfully deleted admin","timestamp":"2025-11-24T16:11:36.377Z"}
{"level":"info","message":"[1 - admins: test1 ] = Token verified","timestamp":"2025-11-24T16:11:36.566Z"}
{"level":"info","message":"[1 - admins: test1 ] = Successfully get admins data","timestamp":"2025-11-24T16:11:36.610Z"}
{"level":"info","message":"[1 - admins: test1 ] = Token verified","timestamp":"2025-11-24T16:11:51.711Z"}
{"level":"info","message":"[1 - admins: test1 ] = Successfully get admins data","timestamp":"2025-11-24T16:11:51.717Z"}
{"level":"info","message":"[1 - admins: test1 ] = Token verified","timestamp":"2025-11-24T16:12:05.120Z"}
{"level":"info","message":"[1 - admins: test1 ] = Successfully get admins data","timestamp":"2025-11-24T16:12:05.131Z"}
{"level":"info","message":"[1 - admins: test1 ] = Token verified","timestamp":"2025-11-24T16:12:08.869Z"}
{"level":"info","message":"[1 - admins: test1 ] = Successfully get admins data","timestamp":"2025-11-24T16:12:08.875Z"}
{"level":"info","message":"[1 - admins: test1 ] = Token verified","timestamp":"2025-11-24T16:12:11.827Z"}
{"level":"info","message":"[1 - admins: test1 ] = fetched all users data","timestamp":"2025-11-24T16:12:11.835Z"}
{"level":"info","message":"[1 - admins: test1 ] = Token verified","timestamp":"2025-11-24T16:19:33.242Z"}
{"level":"info","message":"[1 - admins: test1 ] = fetched all users data","timestamp":"2025-11-24T16:19:33.248Z"}
{"level":"info","message":"[1 - admins: test1 ] = Token verified","timestamp":"2025-11-24T16:19:34.105Z"}
{"level":"info","message":"[1 - admins: test1 ] = Successfully get admins data","timestamp":"2025-11-24T16:19:34.108Z"}
{"level":"info","message":"Starting Seminar Hub server...","timestamp":"2025-11-24T16:24:48.150Z"}
{"level":"info","message":"Server running on http://localhost:3000","timestamp":"2025-11-24T16:24:48.251Z"}
{"level":"info","message":"Starting Seminar Hub server...","timestamp":"2025-11-24T16:27:04.142Z"}
{"level":"info","message":"Server running on http://localhost:3000","timestamp":"2025-11-24T16:27:04.192Z"}
{"level":"info","message":"Starting Seminar Hub server...","timestamp":"2025-11-24T16:27:06.414Z"}
{"level":"info","message":"Server running on http://localhost:3000","timestamp":"2025-11-24T16:27:06.449Z"}
{"level":"info","message":"[1 - admins: test1 ] = Logged in","timestamp":"2025-11-24T16:27:10.939Z"}
{"level":"info","message":"[1 - admins: test1 ] = Token verified","timestamp":"2025-11-24T16:27:11.038Z"}
{"level":"info","message":"[1 - admins: test1 ] = Successfully get admins data","timestamp":"2025-11-24T16:27:11.046Z"}
{"level":"info","message":"[1 - admins: test1 ] = Token verified","timestamp":"2025-11-24T16:27:14.086Z"}
{"level":"info","message":"[1 - admins: test1 ] = successfully deleted admin","timestamp":"2025-11-24T16:27:14.162Z"}
{"level":"info","message":"[1 - admins: test1 ] = Token verified","timestamp":"2025-11-24T16:27:14.180Z"}
{"level":"info","message":"[1 - admins: test1 ] = Successfully get admins data","timestamp":"2025-11-24T16:27:14.192Z"}
{"level":"info","message":"Starting Seminar Hub server...","timestamp":"2025-11-24T16:27:37.635Z"}
{"level":"info","message":"Server running on http://localhost:3000","timestamp":"2025-11-24T16:27:37.657Z"}
{"level":"info","message":"[1 - admins: test1 ] = Token verified","timestamp":"2025-11-24T16:27:45.637Z"}
{"level":"info","message":"[1 - admins: test1 ] = Token verified","timestamp":"2025-11-24T16:27:45.710Z"}
{"level":"info","message":"[3 - admins: test2 ] = Logged in","timestamp":"2025-11-24T16:27:58.750Z"}
{"level":"info","message":"[3 - admins: test2 ] = Token verified","timestamp":"2025-11-24T16:27:58.974Z"}
{"level":"info","message":"[3 - admins: test2 ] = Successfully get admins data","timestamp":"2025-11-24T16:27:59.073Z"}
{"level":"info","message":"[3 - admins: test2 ] = Token verified","timestamp":"2025-11-24T16:28:03.868Z"}
{"level":"info","message":"[3 - admins: test2 ] = Token verified","timestamp":"2025-11-24T16:28:34.963Z"}
{"level":"info","message":"[3 - admins: test2 ] = Successfully get admins data","timestamp":"2025-11-24T16:28:35.063Z"}
{"level":"info","message":"[3 - admins: test2 ] = Token verified","timestamp":"2025-11-24T16:28:37.898Z"}
{"level":"info","message":"[3 - admins: test2 ] = Token verified","timestamp":"2025-11-24T16:28:37.927Z"}
{"level":"info","message":"[3 - admins: test2 ] = Logged in","timestamp":"2025-11-24T16:28:45.226Z"}
{"level":"info","message":"[3 - admins: test2 ] = Token verified","timestamp":"2025-11-24T16:28:45.314Z"}
{"level":"info","message":"[3 - admins: test2 ] = Successfully get admins data","timestamp":"2025-11-24T16:28:45.320Z"}
{"level":"info","message":"[3 - admins: test2 ] = Token verified","timestamp":"2025-11-24T16:28:48.163Z"}
{"level":"info","message":"Starting Seminar Hub server...","timestamp":"2025-11-24T16:38:42.657Z"}
{"level":"info","message":"Server running on http://localhost:3000","timestamp":"2025-11-24T16:38:42.674Z"}
{"level":"info","message":"Starting Seminar Hub server...","timestamp":"2025-11-24T17:03:44.445Z"}
{"level":"info","message":"Server running on http://localhost:3000","timestamp":"2025-11-24T17:03:44.466Z"}
{"level":"info","message":"[3 - admins: test2 ] = Token verified","timestamp":"2025-11-24T17:03:51.030Z"}
{"level":"info","message":"[3 - admins: test2 ] = Successfully get admins data","timestamp":"2025-11-24T17:03:51.131Z"}
{"level":"info","message":"[3 - admins: test2 ] = Token verified","timestamp":"2025-11-24T17:03:56.622Z"}
{"level":"info","message":"[3 - admins: test2 ] = Token verified","timestamp":"2025-11-24T17:03:56.671Z"}
{"level":"info","message":"[3 - admins: test2 ] = Token verified","timestamp":"2025-11-24T17:03:59.466Z"}
{"level":"info","message":"[3 - admins: test2 ] = Token verified","timestamp":"2025-11-24T17:03:59.511Z"}
{"level":"info","message":"[3 - admins: test2 ] = Token verified","timestamp":"2025-11-24T17:04:12.534Z"}
{"level":"info","message":"[3 - admins: test2 ] = Token verified","timestamp":"2025-11-24T17:04:12.585Z"}
{"level":"info","message":"[3 - admins: test2 ] = Logged in","timestamp":"2025-11-24T17:04:18.015Z"}
{"level":"info","message":"[3 - admins: test2 ] = Token verified","timestamp":"2025-11-24T17:04:18.128Z"}
{"level":"info","message":"[3 - admins: test2 ] = Successfully get admins data","timestamp":"2025-11-24T17:04:18.147Z"}
{"level":"info","message":"Starting Seminar Hub server...","timestamp":"2025-11-24T17:05:49.204Z"}
{"level":"info","message":"Server running on http://localhost:3000","timestamp":"2025-11-24T17:05:49.225Z"}
{"level":"info","message":"[3 - admins: test2 ] = Token verified","timestamp":"2025-11-24T17:05:51.408Z"}
{"level":"info","message":"[3 - admins: test2 ] = Token verified","timestamp":"2025-11-24T17:05:51.462Z"}
{"level":"info","message":"[3 - admins: test2 ] = Token verified","timestamp":"2025-11-24T17:05:53.043Z"}
{"level":"info","message":"[3 - admins: test2 ] = Successfully get admins data","timestamp":"2025-11-24T17:05:53.131Z"}
{"level":"info","message":"Starting Seminar Hub server...","timestamp":"2025-11-24T17:07:09.948Z"}
{"level":"info","message":"Server running on http://localhost:3000","timestamp":"2025-11-24T17:07:09.966Z"}
{"level":"info","message":"[3 - admins: test2 ] = Token verified","timestamp":"2025-11-24T17:07:11.147Z"}
{"level":"info","message":"[3 - admins: test2 ] = Token verified","timestamp":"2025-11-24T17:07:11.191Z"}
{"level":"info","message":"[3 - admins: test2 ] = Token verified","timestamp":"2025-11-24T17:07:12.182Z"}
{"level":"info","message":"[3 - admins: test2 ] = Successfully get admins data","timestamp":"2025-11-24T17:07:12.273Z"}
{"level":"info","message":"[3 - admins: test2 ] = Token verified","timestamp":"2025-11-24T17:07:13.306Z"}
{"level":"info","message":"[3 - admins: test2 ] = fetched all users data","timestamp":"2025-11-24T17:07:13.315Z"}
{"level":"info","message":"[3 - admins: test2 ] = Token verified","timestamp":"2025-11-24T17:07:15.508Z"}
{"level":"info","message":"[3 - admins: test2 ] = fetched all users data","timestamp":"2025-11-24T17:07:15.514Z"}
{"level":"info","message":"Starting Seminar Hub server...","timestamp":"2025-11-24T17:07:41.807Z"}
{"level":"info","message":"Server running on http://localhost:3000","timestamp":"2025-11-24T17:07:41.824Z"}
{"level":"info","message":"Starting Seminar Hub server...","timestamp":"2025-11-24T17:09:39.395Z"}
{"level":"info","message":"Server running on http://localhost:3000","timestamp":"2025-11-24T17:09:39.434Z"}
{"level":"info","message":"[3 - admins: test2 ] = Token verified","timestamp":"2025-11-24T17:09:42.349Z"}
{"level":"info","message":"[3 - admins: test2 ] = fetched all users data","timestamp":"2025-11-24T17:09:42.478Z"}
{"level":"info","message":"[3 - admins: test2 ] = Token verified","timestamp":"2025-11-24T17:09:50.515Z"}
{"level":"info","message":"[3 - admins: test2 ] = fetched all users data","timestamp":"2025-11-24T17:09:50.567Z"}
{"level":"info","message":"Starting Seminar Hub server...","timestamp":"2025-11-24T17:11:45.169Z"}
{"level":"info","message":"Server running on http://localhost:3000","timestamp":"2025-11-24T17:11:45.199Z"}
{"level":"info","message":"[3 - admins: test2 ] = Token verified","timestamp":"2025-11-24T17:11:45.299Z"}
{"level":"info","message":"[3 - admins: test2 ] = fetched all users data","timestamp":"2025-11-24T17:11:45.378Z"}
{"level":"info","message":"[3 - admins: test2 ] = Token verified","timestamp":"2025-11-24T17:11:53.155Z"}
{"level":"info","message":"[3 - admins: test2 ] = fetched all users data","timestamp":"2025-11-24T17:11:53.214Z"}
{"level":"info","message":"Starting Seminar Hub server...","timestamp":"2025-11-24T17:12:14.551Z"}
{"level":"info","message":"Server running on http://localhost:3000","timestamp":"2025-11-24T17:12:14.578Z"}
{"level":"info","message":"[3 - admins: test2 ] = Token verified","timestamp":"2025-11-24T17:12:16.627Z"}
{"level":"info","message":"[3 - admins: test2 ] = fetched all users data","timestamp":"2025-11-24T17:12:16.713Z"}
{"level":"info","message":"Starting Seminar Hub server...","timestamp":"2025-11-24T17:13:20.133Z"}
{"level":"info","message":"Server running on http://localhost:3000","timestamp":"2025-11-24T17:13:20.162Z"}
{"level":"info","message":"[3 - admins: test2 ] = Token verified","timestamp":"2025-11-24T17:13:22.253Z"}
{"level":"info","message":"[3 - admins: test2 ] = Successfully get admins data","timestamp":"2025-11-24T17:13:22.339Z"}
{"level":"info","message":"Starting Seminar Hub server...","timestamp":"2025-11-24T17:22:10.965Z"}
{"level":"info","message":"Server running on http://localhost:3000","timestamp":"2025-11-24T17:22:10.996Z"}
{"level":"info","message":"[3 - admins: test2 ] = Token verified","timestamp":"2025-11-24T17:23:30.828Z"}
{"level":"info","message":"[3 - admins: test2 ] = Successfully get admins data","timestamp":"2025-11-24T17:23:30.980Z"}
{"level":"info","message":"Starting Seminar Hub server...","timestamp":"2025-11-24T18:27:05.900Z"}
{"level":"info","message":"Server running on http://localhost:3000","timestamp":"2025-11-24T18:27:05.931Z"}
{"level":"info","message":"Starting Seminar Hub server...","timestamp":"2025-11-25T03:24:53.686Z"}
{"level":"info","message":"Server running on http://localhost:3000","timestamp":"2025-11-25T03:24:53.703Z"}
{"level":"info","message":"[3 - admins: test2 ] = Logged in","timestamp":"2025-11-25T03:34:27.269Z"}
{"level":"info","message":"[3 - admins: test2 ] = Token verified","timestamp":"2025-11-25T03:34:27.383Z"}
{"level":"info","message":"[3 - admins: test2 ] = Successfully get admins data","timestamp":"2025-11-25T03:34:27.397Z"}
{"level":"info","message":"[3 - admins: test2 ] = Token verified","timestamp":"2025-11-25T03:34:49.405Z"}
{"level":"info","message":"[3 - admins: test2 ] = Successfully get admins data","timestamp":"2025-11-25T03:34:49.420Z"}
{"level":"info","message":"[3 - admins: test2 ] = Token verified","timestamp":"2025-11-25T03:35:09.032Z"}
{"level":"info","message":"[3 - admins: test2 ] = Successfully get admins data","timestamp":"2025-11-25T03:35:09.037Z"}
{"level":"info","message":"[3 - admins: test2 ] = Token verified","timestamp":"2025-11-25T03:35:33.333Z"}
{"level":"info","message":"[3 - admins: test2 ] = Successfully get admins data","timestamp":"2025-11-25T03:35:33.338Z"}
{"level":"info","message":"[3 - admins: test2 ] = Token verified","timestamp":"2025-11-25T03:37:50.856Z"}
{"level":"info","message":"[3 - admins: test2 ] = Successfully get admins data","timestamp":"2025-11-25T03:37:50.865Z"}
{"level":"info","message":"[3 - admins: test2 ] = Token verified","timestamp":"2025-11-25T03:38:51.512Z"}
{"level":"info","message":"[3 - admins: test2 ] = Successfully get admins data","timestamp":"2025-11-25T03:38:51.516Z"}
{"level":"info","message":"[3 - admins: test2 ] = Token verified","timestamp":"2025-11-25T03:39:08.657Z"}
{"level":"info","message":"[3 - admins: test2 ] = Successfully get admins data","timestamp":"2025-11-25T03:39:08.681Z"}
{"level":"info","message":"[3 - admins: test2 ] = Token verified","timestamp":"2025-11-25T03:39:30.988Z"}
{"level":"info","message":"[3 - admins: test2 ] = Successfully get admins data","timestamp":"2025-11-25T03:39:30.993Z"}
{"level":"info","message":"[3 - admins: test2 ] = Token verified","timestamp":"2025-11-25T03:39:33.063Z"}
{"level":"info","message":"[3 - admins: test2 ] = Token verified","timestamp":"2025-11-25T03:39:33.087Z"}
{"level":"info","message":"[3 - admins: test2 ] = Logged in","timestamp":"2025-11-25T03:39:40.303Z"}
{"level":"info","message":"[3 - admins: test2 ] = Token verified","timestamp":"2025-11-25T03:39:40.392Z"}
{"level":"info","message":"[3 - admins: test2 ] = Successfully get admins data","timestamp":"2025-11-25T03:39:40.396Z"}
{"level":"info","message":"[3 - admins: test2 ] = Token verified","timestamp":"2025-11-25T03:39:42.907Z"}
{"level":"info","message":"[3 - admins: test2 ] = Token verified","timestamp":"2025-11-25T03:39:42.917Z"}
{"level":"info","message":"[3 - admins: test2 ] = Token verified","timestamp":"2025-11-25T03:39:42.929Z"}
{"level":"info","message":"[3 - admins: test2 ] = fetched total attendees data","timestamp":"2025-11-25T03:39:43.246Z"}
{"level":"info","message":"[3 - admins: test2 ] = fetched total users data","timestamp":"2025-11-25T03:39:43.296Z"}
{"level":"info","message":"[3 - admins: test2 ] = fetched total seminars data","timestamp":"2025-11-25T03:39:43.383Z"}
{"level":"info","message":"[3 - admins: test2 ] = Token verified","timestamp":"2025-11-25T03:39:53.559Z"}
{"level":"info","message":"[3 - admins: test2 ] = Successfully get admins data","timestamp":"2025-11-25T03:39:53.561Z"}
{"level":"info","message":"[3 - admins: test2 ] = Token verified","timestamp":"2025-11-25T03:40:07.819Z"}
{"level":"info","message":"[3 - admins: test2 ] = fetched all users data","timestamp":"2025-11-25T03:40:07.822Z"}
{"level":"info","message":"[3 - admins: test2 ] = Token verified","timestamp":"2025-11-25T03:40:33.512Z"}
{"level":"info","message":"[3 - admins: test2 ] = fetched total attendees data","timestamp":"2025-11-25T03:40:33.518Z"}
{"level":"info","message":"[3 - admins: test2 ] = Token verified","timestamp":"2025-11-25T03:40:33.528Z"}
{"level":"info","message":"[3 - admins: test2 ] = Token verified","timestamp":"2025-11-25T03:40:33.540Z"}
{"level":"info","message":"[3 - admins: test2 ] = fetched total seminars data","timestamp":"2025-11-25T03:40:33.542Z"}
{"level":"info","message":"[3 - admins: test2 ] = fetched total users data","timestamp":"2025-11-25T03:40:33.544Z"}
{"level":"info","message":"[3 - admins: test2 ] = Token verified","timestamp":"2025-11-25T03:40:36.077Z"}
{"level":"info","message":"[3 - admins: test2 ] = Successfully get admins data","timestamp":"2025-11-25T03:40:36.080Z"}
{"level":"info","message":"[3 - admins: test2 ] = Token verified","timestamp":"2025-11-25T03:40:58.601Z"}
{"level":"info","message":"[3 - admins: test2 ] = Successfully get admins data","timestamp":"2025-11-25T03:40:58.605Z"}
{"level":"info","message":"[3 - admins: test2 ] = Token verified","timestamp":"2025-11-25T03:41:59.578Z"}
{"level":"info","message":"[3 - admins: test2 ] = Successfully get admins data","timestamp":"2025-11-25T03:41:59.581Z"}
{"level":"info","message":"[3 - admins: test2 ] = Token verified","timestamp":"2025-11-25T03:42:00.481Z"}
{"level":"info","message":"[3 - admins: test2 ] = Successfully get admins data","timestamp":"2025-11-25T03:42:00.501Z"}
{"level":"info","message":"[3 - admins: test2 ] = Token verified","timestamp":"2025-11-25T03:42:27.010Z"}
{"level":"info","message":"[3 - admins: test2 ] = Successfully get admins data","timestamp":"2025-11-25T03:42:27.028Z"}
{"level":"info","message":"[3 - admins: test2 ] = Token verified","timestamp":"2025-11-25T03:44:07.689Z"}
{"level":"info","message":"[3 - admins: test2 ] = Successfully get admins data","timestamp":"2025-11-25T03:44:07.772Z"}
{"level":"info","message":"[3 - admins: test2 ] = Token verified","timestamp":"2025-11-25T03:44:28.678Z"}
{"level":"info","message":"[3 - admins: test2 ] = Successfully get admins data","timestamp":"2025-11-25T03:44:28.688Z"}
{"level":"info","message":"[3 - admins: test2 ] = Token verified","timestamp":"2025-11-25T03:44:36.401Z"}
{"level":"info","message":"[3 - admins: test2 ] = Successfully get admins data","timestamp":"2025-11-25T03:44:36.426Z"}
{"level":"info","message":"[3 - admins: test2 ] = Token verified","timestamp":"2025-11-25T03:44:40.795Z"}
{"level":"info","message":"[3 - admins: test2 ] = Successfully get admins data","timestamp":"2025-11-25T03:44:40.799Z"}
{"level":"info","message":"[3 - admins: test2 ] = Token verified","timestamp":"2025-11-25T03:44:46.034Z"}
{"level":"info","message":"[3 - admins: test2 ] = Successfully get admins data","timestamp":"2025-11-25T03:44:46.036Z"}
{"level":"info","message":"[3 - admins: test2 ] = Token verified","timestamp":"2025-11-25T03:47:51.340Z"}
{"level":"info","message":"[3 - admins: test2 ] = Successfully get admins data","timestamp":"2025-11-25T03:47:51.343Z"}
{"level":"info","message":"[3 - admins: test2 ] = Token verified","timestamp":"2025-11-25T03:48:03.093Z"}
{"level":"info","message":"[3 - admins: test2 ] = fetched all users data","timestamp":"2025-11-25T03:48:03.096Z"}
{"level":"info","message":"[3 - admins: test2 ] = Token verified","timestamp":"2025-11-25T03:49:02.858Z"}
{"level":"info","message":"[3 - admins: test2 ] = fetched all users data","timestamp":"2025-11-25T03:49:02.884Z"}
{"level":"info","message":"[3 - admins: test2 ] = Token verified","timestamp":"2025-11-25T03:49:05.397Z"}
{"level":"info","message":"[3 - admins: test2 ] = Successfully get admins data","timestamp":"2025-11-25T03:49:05.399Z"}
{"level":"info","message":"[3 - admins: test2 ] = Token verified","timestamp":"2025-11-25T03:49:06.511Z"}
{"level":"info","message":"[3 - admins: test2 ] = fetched all users data","timestamp":"2025-11-25T03:49:06.515Z"}
{"level":"info","message":"[3 - admins: test2 ] = Token verified","timestamp":"2025-11-25T03:49:15.693Z"}
{"level":"info","message":"[3 - admins: test2 ] = fetched all users data","timestamp":"2025-11-25T03:49:15.696Z"}
{"level":"info","message":"[3 - admins: test2 ] = Token verified","timestamp":"2025-11-25T03:49:16.835Z"}
{"level":"info","message":"[3 - admins: test2 ] = Successfully get admins data","timestamp":"2025-11-25T03:49:16.837Z"}
{"level":"info","message":"[3 - admins: test2 ] = Token verified","timestamp":"2025-11-25T03:50:34.731Z"}
{"level":"info","message":"[3 - admins: test2 ] = fetched all users data","timestamp":"2025-11-25T03:50:34.735Z"}
{"level":"info","message":"[3 - admins: test2 ] = Token verified","timestamp":"2025-11-25T03:50:36.944Z"}
{"level":"info","message":"[3 - admins: test2 ] = fetched all users data","timestamp":"2025-11-25T03:50:36.948Z"}
{"level":"info","message":"[3 - admins: test2 ] = Token verified","timestamp":"2025-11-25T03:51:05.967Z"}
{"level":"info","message":"[3 - admins: test2 ] = fetched all users data","timestamp":"2025-11-25T03:51:05.973Z"}
{"level":"info","message":"[3 - admins: test2 ] = Token verified","timestamp":"2025-11-25T03:51:06.897Z"}
{"level":"info","message":"[3 - admins: test2 ] = Successfully get admins data","timestamp":"2025-11-25T03:51:06.899Z"}
{"level":"info","message":"[3 - admins: test2 ] = Token verified","timestamp":"2025-11-25T03:51:08.678Z"}
{"level":"info","message":"[3 - admins: test2 ] = fetched total attendees data","timestamp":"2025-11-25T03:51:08.683Z"}
{"level":"info","message":"[3 - admins: test2 ] = Token verified","timestamp":"2025-11-25T03:51:08.698Z"}
{"level":"info","message":"[3 - admins: test2 ] = Token verified","timestamp":"2025-11-25T03:51:08.711Z"}
{"level":"info","message":"[3 - admins: test2 ] = fetched total seminars data","timestamp":"2025-11-25T03:51:08.716Z"}
{"level":"info","message":"[3 - admins: test2 ] = fetched total users data","timestamp":"2025-11-25T03:51:08.719Z"}
{"level":"info","message":"[3 - admins: test2 ] = Token verified","timestamp":"2025-11-25T03:51:11.959Z"}
{"level":"info","message":"[3 - admins: test2 ] = Successfully get admins data","timestamp":"2025-11-25T03:51:11.961Z"}
{"level":"info","message":"[3 - admins: test2 ] = Token verified","timestamp":"2025-11-25T03:51:12.980Z"}
{"level":"info","message":"[3 - admins: test2 ] = fetched all users data","timestamp":"2025-11-25T03:51:12.982Z"}
{"level":"info","message":"[3 - admins: test2 ] = Token verified","timestamp":"2025-11-25T03:52:32.720Z"}
{"level":"info","message":"[3 - admins: test2 ] = fetched all users data","timestamp":"2025-11-25T03:52:32.723Z"}
{"level":"info","message":"[3 - admins: test2 ] = Token verified","timestamp":"2025-11-25T03:52:33.174Z"}
{"level":"info","message":"[3 - admins: test2 ] = Successfully get admins data","timestamp":"2025-11-25T03:52:33.177Z"}
{"level":"info","message":"[3 - admins: test2 ] = Token verified","timestamp":"2025-11-25T03:54:56.035Z"}
{"level":"info","message":"[3 - admins: test2 ] = fetched total attendees data","timestamp":"2025-11-25T03:54:56.040Z"}
{"level":"info","message":"[3 - admins: test2 ] = Token verified","timestamp":"2025-11-25T03:54:56.051Z"}
{"level":"info","message":"[3 - admins: test2 ] = Token verified","timestamp":"2025-11-25T03:54:56.060Z"}
{"level":"info","message":"[3 - admins: test2 ] = fetched total seminars data","timestamp":"2025-11-25T03:54:56.062Z"}
{"level":"info","message":"[3 - admins: test2 ] = fetched total users data","timestamp":"2025-11-25T03:54:56.064Z"}
{"level":"info","message":"[3 - admins: test2 ] = Token verified","timestamp":"2025-11-25T03:55:18.685Z"}
{"level":"info","message":"[3 - admins: test2 ] = fetched total attendees data","timestamp":"2025-11-25T03:55:18.703Z"}
{"level":"info","message":"[3 - admins: test2 ] = Token verified","timestamp":"2025-11-25T03:55:18.723Z"}
{"level":"info","message":"[3 - admins: test2 ] = Token verified","timestamp":"2025-11-25T03:55:18.759Z"}
{"level":"info","message":"[3 - admins: test2 ] = fetched total seminars data","timestamp":"2025-11-25T03:55:18.767Z"}
{"level":"info","message":"[3 - admins: test2 ] = fetched total users data","timestamp":"2025-11-25T03:55:18.769Z"}
{"level":"info","message":"[3 - admins: test2 ] = Token verified","timestamp":"2025-11-25T03:55:48.183Z"}
{"level":"info","message":"[3 - admins: test2 ] = Token verified","timestamp":"2025-11-25T03:55:48.207Z"}
{"level":"info","message":"[3 - admins: test2 ] = Token verified","timestamp":"2025-11-25T03:55:51.165Z"}
{"level":"info","message":"[3 - admins: test2 ] = Token verified","timestamp":"2025-11-25T03:55:51.180Z"}
{"level":"info","message":"[3 - admins: test2 ] = fetched total attendees data","timestamp":"2025-11-25T03:55:51.184Z"}
{"level":"info","message":"[3 - admins: test2 ] = Token verified","timestamp":"2025-11-25T03:55:51.196Z"}
{"level":"info","message":"[3 - admins: test2 ] = fetched total seminars data","timestamp":"2025-11-25T03:55:51.199Z"}
{"level":"info","message":"[3 - admins: test2 ] = fetched total users data","timestamp":"2025-11-25T03:55:51.201Z"}
{"level":"info","message":"[3 - admins: test2 ] = Token verified","timestamp":"2025-11-25T03:56:03.355Z"}
{"level":"info","message":"[3 - admins: test2 ] = fetched total attendees data","timestamp":"2025-11-25T03:56:03.365Z"}
{"level":"info","message":"[3 - admins: test2 ] = Token verified","timestamp":"2025-11-25T03:56:03.383Z"}
{"level":"info","message":"[3 - admins: test2 ] = Token verified","timestamp":"2025-11-25T03:56:03.402Z"}
{"level":"info","message":"[3 - admins: test2 ] = fetched total seminars data","timestamp":"2025-11-25T03:56:03.405Z"}
{"level":"info","message":"[3 - admins: test2 ] = fetched total users data","timestamp":"2025-11-25T03:56:03.412Z"}
{"level":"info","message":"[3 - admins: test2 ] = Token verified","timestamp":"2025-11-25T03:56:23.646Z"}
{"level":"info","message":"[3 - admins: test2 ] = Token verified","timestamp":"2025-11-25T03:56:23.671Z"}
{"level":"info","message":"[3 - admins: test2 ] = Token verified","timestamp":"2025-11-25T03:56:23.696Z"}
{"level":"info","message":"[3 - admins: test2 ] = fetched total attendees data","timestamp":"2025-11-25T03:56:23.722Z"}
{"level":"info","message":"[3 - admins: test2 ] = fetched total seminars data","timestamp":"2025-11-25T03:56:23.725Z"}
{"level":"info","message":"[3 - admins: test2 ] = fetched total users data","timestamp":"2025-11-25T03:56:23.730Z"}
{"level":"info","message":"[3 - admins: test2 ] = Token verified","timestamp":"2025-11-25T03:56:40.848Z"}
{"level":"info","message":"[3 - admins: test2 ] = Token verified","timestamp":"2025-11-25T03:56:40.864Z"}
{"level":"info","message":"[3 - admins: test2 ] = Token verified","timestamp":"2025-11-25T03:56:40.895Z"}
{"level":"info","message":"[3 - admins: test2 ] = fetched total attendees data","timestamp":"2025-11-25T03:56:40.901Z"}
{"level":"info","message":"[3 - admins: test2 ] = fetched total seminars data","timestamp":"2025-11-25T03:56:40.909Z"}
{"level":"info","message":"[3 - admins: test2 ] = fetched total users data","timestamp":"2025-11-25T03:56:40.912Z"}
{"level":"info","message":"[3 - admins: test2 ] = Token verified","timestamp":"2025-11-25T03:56:51.193Z"}
{"level":"info","message":"[3 - admins: test2 ] = Token verified","timestamp":"2025-11-25T03:56:51.203Z"}
{"level":"info","message":"[3 - admins: test2 ] = fetched total attendees data","timestamp":"2025-11-25T03:56:51.209Z"}
{"level":"info","message":"[3 - admins: test2 ] = Token verified","timestamp":"2025-11-25T03:56:51.219Z"}
{"level":"info","message":"[3 - admins: test2 ] = fetched total seminars data","timestamp":"2025-11-25T03:56:51.224Z"}
{"level":"info","message":"[3 - admins: test2 ] = fetched total users data","timestamp":"2025-11-25T03:56:51.228Z"}
{"level":"info","message":"[3 - admins: test2 ] = Token verified","timestamp":"2025-11-25T03:57:06.826Z"}
{"level":"info","message":"[3 - admins: test2 ] = fetched total attendees data","timestamp":"2025-11-25T03:57:06.836Z"}
{"level":"info","message":"[3 - admins: test2 ] = Token verified","timestamp":"2025-11-25T03:57:06.852Z"}
{"level":"info","message":"[3 - admins: test2 ] = Token verified","timestamp":"2025-11-25T03:57:06.869Z"}
{"level":"info","message":"[3 - admins: test2 ] = fetched total seminars data","timestamp":"2025-11-25T03:57:06.872Z"}
{"level":"info","message":"[3 - admins: test2 ] = fetched total users data","timestamp":"2025-11-25T03:57:06.876Z"}
{"level":"info","message":"[3 - admins: test2 ] = Token verified","timestamp":"2025-11-25T03:57:39.584Z"}
{"level":"info","message":"[3 - admins: test2 ] = fetched total attendees data","timestamp":"2025-11-25T03:57:39.591Z"}
{"level":"info","message":"[3 - admins: test2 ] = Token verified","timestamp":"2025-11-25T03:57:39.599Z"}
{"level":"info","message":"[3 - admins: test2 ] = Token verified","timestamp":"2025-11-25T03:57:39.618Z"}
{"level":"info","message":"[3 - admins: test2 ] = fetched total seminars data","timestamp":"2025-11-25T03:57:39.629Z"}
{"level":"info","message":"[3 - admins: test2 ] = fetched total users data","timestamp":"2025-11-25T03:57:39.635Z"}
{"level":"info","message":"[3 - admins: test2 ] = Token verified","timestamp":"2025-11-25T04:01:32.679Z"}
{"level":"info","message":"[3 - admins: test2 ] = fetched total attendees data","timestamp":"2025-11-25T04:01:32.683Z"}
{"level":"info","message":"[3 - admins: test2 ] = Token verified","timestamp":"2025-11-25T04:01:32.697Z"}
{"level":"info","message":"[3 - admins: test2 ] = Token verified","timestamp":"2025-11-25T04:01:32.713Z"}
{"level":"info","message":"[3 - admins: test2 ] = fetched total seminars data","timestamp":"2025-11-25T04:01:32.715Z"}
{"level":"info","message":"[3 - admins: test2 ] = fetched total users data","timestamp":"2025-11-25T04:01:32.718Z"}
{"level":"info","message":"[3 - admins: test2 ] = Token verified","timestamp":"2025-11-25T04:02:23.572Z"}
{"level":"info","message":"[3 - admins: test2 ] = fetched total attendees data","timestamp":"2025-11-25T04:02:23.576Z"}
{"level":"info","message":"[3 - admins: test2 ] = Token verified","timestamp":"2025-11-25T04:02:49.192Z"}
{"level":"info","message":"[3 - admins: test2 ] = fetched total attendees data","timestamp":"2025-11-25T04:02:49.196Z"}
{"level":"info","message":"[3 - admins: test2 ] = Token verified","timestamp":"2025-11-25T04:02:52.987Z"}
{"level":"info","message":"[3 - admins: test2 ] = fetched all users data","timestamp":"2025-11-25T04:02:52.990Z"}
{"level":"info","message":"[3 - admins: test2 ] = Token verified","timestamp":"2025-11-25T04:02:53.404Z"}
{"level":"info","message":"[3 - admins: test2 ] = fetched total attendees data","timestamp":"2025-11-25T04:02:53.419Z"}
{"level":"info","message":"[3 - admins: test2 ] = Token verified","timestamp":"2025-11-25T04:02:53.488Z"}
{"level":"info","message":"[3 - admins: test2 ] = fetched total seminars data","timestamp":"2025-11-25T04:02:53.532Z"}
{"level":"info","message":"[3 - admins: test2 ] = Token verified","timestamp":"2025-11-25T04:02:53.569Z"}
{"level":"info","message":"[3 - admins: test2 ] = fetched total users data","timestamp":"2025-11-25T04:02:53.599Z"}
{"level":"info","message":"[3 - admins: test2 ] = Token verified","timestamp":"2025-11-25T04:03:04.775Z"}
{"level":"info","message":"[3 - admins: test2 ] = Token verified","timestamp":"2025-11-25T04:03:04.806Z"}
{"level":"info","message":"[3 - admins: test2 ] = Token verified","timestamp":"2025-11-25T04:03:06.695Z"}
{"level":"info","message":"[3 - admins: test2 ] = Successfully get admins data","timestamp":"2025-11-25T04:03:06.699Z"}
{"level":"info","message":"[3 - admins: test2 ] = Token verified","timestamp":"2025-11-25T04:03:07.800Z"}
{"level":"info","message":"[3 - admins: test2 ] = Token verified","timestamp":"2025-11-25T04:03:07.813Z"}
{"level":"info","message":"[3 - admins: test2 ] = fetched total attendees data","timestamp":"2025-11-25T04:03:07.816Z"}
{"level":"info","message":"[3 - admins: test2 ] = Token verified","timestamp":"2025-11-25T04:03:07.825Z"}
{"level":"info","message":"[3 - admins: test2 ] = fetched total seminars data","timestamp":"2025-11-25T04:03:07.827Z"}
{"level":"info","message":"[3 - admins: test2 ] = fetched total users data","timestamp":"2025-11-25T04:03:07.829Z"}
{"level":"info","message":"[3 - admins: test2 ] = Token verified","timestamp":"2025-11-25T04:03:18.455Z"}
{"level":"info","message":"[3 - admins: test2 ] = Successfully get admins data","timestamp":"2025-11-25T04:03:18.458Z"}
{"level":"info","message":"[3 - admins: test2 ] = Token verified","timestamp":"2025-11-25T04:03:19.394Z"}
{"level":"info","message":"[3 - admins: test2 ] = fetched all users data","timestamp":"2025-11-25T04:03:19.396Z"}
{"level":"info","message":"[3 - admins: test2 ] = Token verified","timestamp":"2025-11-25T04:03:22.785Z"}
{"level":"info","message":"[3 - admins: test2 ] = fetched total attendees data","timestamp":"2025-11-25T04:03:22.789Z"}
{"level":"info","message":"[3 - admins: test2 ] = Token verified","timestamp":"2025-11-25T04:03:22.797Z"}
{"level":"info","message":"[3 - admins: test2 ] = Token verified","timestamp":"2025-11-25T04:03:22.803Z"}
{"level":"info","message":"[3 - admins: test2 ] = fetched total seminars data","timestamp":"2025-11-25T04:03:22.806Z"}
{"level":"info","message":"[3 - admins: test2 ] = fetched total users data","timestamp":"2025-11-25T04:03:22.809Z"}
{"level":"info","message":"[3 - admins: test2 ] = Token verified","timestamp":"2025-11-25T04:03:34.082Z"}
{"level":"info","message":"[3 - admins: test2 ] = Token verified","timestamp":"2025-11-25T04:03:34.095Z"}
{"level":"info","message":"[3 - admins: test2 ] = Token verified","timestamp":"2025-11-25T04:03:34.103Z"}
{"level":"info","message":"[3 - admins: test2 ] = fetched total attendees data","timestamp":"2025-11-25T04:03:34.105Z"}
{"level":"info","message":"[3 - admins: test2 ] = fetched total seminars data","timestamp":"2025-11-25T04:03:34.108Z"}
{"level":"info","message":"[3 - admins: test2 ] = fetched total users data","timestamp":"2025-11-25T04:03:34.114Z"}
{"level":"info","message":"[3 - admins: test2 ] = Token verified","timestamp":"2025-11-25T04:03:52.593Z"}
{"level":"info","message":"[3 - admins: test2 ] = fetched total attendees data","timestamp":"2025-11-25T04:03:52.595Z"}
{"level":"info","message":"[3 - admins: test2 ] = Token verified","timestamp":"2025-11-25T04:03:58.024Z"}
{"level":"info","message":"[3 - admins: test2 ] = fetched total attendees data","timestamp":"2025-11-25T04:03:58.028Z"}
{"level":"info","message":"[3 - admins: test2 ] = Token verified","timestamp":"2025-11-25T04:03:58.039Z"}
{"level":"info","message":"[3 - admins: test2 ] = Token verified","timestamp":"2025-11-25T04:03:58.050Z"}
{"level":"info","message":"[3 - admins: test2 ] = fetched total seminars data","timestamp":"2025-11-25T04:03:58.055Z"}
{"level":"info","message":"[3 - admins: test2 ] = fetched total users data","timestamp":"2025-11-25T04:03:58.059Z"}
{"level":"info","message":"[3 - admins: test2 ] = Token verified","timestamp":"2025-11-25T04:04:03.018Z"}
{"level":"info","message":"[3 - admins: test2 ] = fetched all users data","timestamp":"2025-11-25T04:04:03.022Z"}
{"level":"info","message":"[3 - admins: test2 ] = Token verified","timestamp":"2025-11-25T04:04:05.283Z"}
{"level":"info","message":"[3 - admins: test2 ] = Successfully get admins data","timestamp":"2025-11-25T04:04:05.287Z"}
{"level":"info","message":"[3 - admins: test2 ] = Token verified","timestamp":"2025-11-25T04:04:05.783Z"}
{"level":"info","message":"[3 - admins: test2 ] = Token verified","timestamp":"2025-11-25T04:04:05.795Z"}
{"level":"info","message":"[3 - admins: test2 ] = fetched total attendees data","timestamp":"2025-11-25T04:04:05.797Z"}
{"level":"info","message":"[3 - admins: test2 ] = Token verified","timestamp":"2025-11-25T04:04:05.808Z"}
{"level":"info","message":"[3 - admins: test2 ] = fetched total seminars data","timestamp":"2025-11-25T04:04:05.810Z"}
{"level":"info","message":"[3 - admins: test2 ] = fetched total users data","timestamp":"2025-11-25T04:04:05.812Z"}
{"level":"info","message":"[3 - admins: test2 ] = Token verified","timestamp":"2025-11-25T04:04:48.068Z"}
{"level":"info","message":"[3 - admins: test2 ] = added new seminar","timestamp":"2025-11-25T04:04:48.563Z"}
{"level":"info","message":"[11 - users: test7 ] = Logged in","timestamp":"2025-11-25T04:06:02.258Z"}
{"level":"info","message":"[11 - users: test7 ] = Token verified","timestamp":"2025-11-25T04:06:02.377Z"}
{"level":"info","message":"[11 - users: test7] = fetched all seminars join joined data","timestamp":"2025-11-25T04:06:02.502Z"}
{"level":"info","message":"[3 - admins: test2 ] = Token verified","timestamp":"2025-11-25T04:10:34.861Z"}
{"level":"info","message":"[3 - admins: test2 ] = Token verified","timestamp":"2025-11-25T04:10:34.881Z"}
{"level":"info","message":"[3 - admins: test2 ] = Token verified","timestamp":"2025-11-25T04:10:38.666Z"}
{"level":"info","message":"[3 - admins: test2 ] = Token verified","timestamp":"2025-11-25T04:10:38.682Z"}
{"level":"info","message":"[3 - admins: test2 ] = fetched total attendees data","timestamp":"2025-11-25T04:10:38.683Z"}
{"level":"info","message":"[3 - admins: test2 ] = Token verified","timestamp":"2025-11-25T04:10:38.696Z"}
{"level":"info","message":"[3 - admins: test2 ] = fetched total seminars data","timestamp":"2025-11-25T04:10:38.700Z"}
{"level":"info","message":"[3 - admins: test2 ] = fetched total users data","timestamp":"2025-11-25T04:10:38.705Z"}
{"level":"info","message":"[3 - admins: test2 ] = Token verified","timestamp":"2025-11-25T04:10:47.348Z"}
{"level":"info","message":"[3 - admins: test2 ] = Token verified","timestamp":"2025-11-25T04:10:47.369Z"}
{"level":"info","message":"[3 - admins: test2 ] = Token verified","timestamp":"2025-11-25T04:10:47.391Z"}
{"level":"info","message":"[3 - admins: test2 ] = fetched total attendees data","timestamp":"2025-11-25T04:10:47.394Z"}
{"level":"info","message":"[3 - admins: test2 ] = fetched total seminars data","timestamp":"2025-11-25T04:10:47.397Z"}
{"level":"info","message":"[3 - admins: test2 ] = fetched total users data","timestamp":"2025-11-25T04:10:47.401Z"}
{"level":"info","message":"[3 - admins: test2 ] = Token verified","timestamp":"2025-11-25T04:15:51.189Z"}
{"level":"info","message":"[3 - admins: test2 ] = Token verified","timestamp":"2025-11-25T04:15:51.217Z"}
{"level":"info","message":"[3 - admins: test2 ] = Token verified","timestamp":"2025-11-25T04:15:51.230Z"}
{"level":"info","message":"[3 - admins: test2 ] = fetched total attendees data","timestamp":"2025-11-25T04:15:51.233Z"}
{"level":"info","message":"[3 - admins: test2 ] = fetched total seminars data","timestamp":"2025-11-25T04:15:51.235Z"}
{"level":"info","message":"[3 - admins: test2 ] = fetched total users data","timestamp":"2025-11-25T04:15:51.239Z"}
{"level":"info","message":"[3 - admins: test2 ] = Token verified","timestamp":"2025-11-25T04:16:01.904Z"}
{"level":"info","message":"[3 - admins: test2 ] = fetched total attendees data","timestamp":"2025-11-25T04:16:01.909Z"}
{"level":"info","message":"[3 - admins: test2 ] = Token verified","timestamp":"2025-11-25T04:16:01.934Z"}
{"level":"info","message":"[3 - admins: test2 ] = Token verified","timestamp":"2025-11-25T04:16:01.942Z"}
{"level":"info","message":"[3 - admins: test2 ] = fetched total seminars data","timestamp":"2025-11-25T04:16:01.946Z"}
{"level":"info","message":"[3 - admins: test2 ] = fetched total users data","timestamp":"2025-11-25T04:16:01.951Z"}
{"level":"info","message":"[11 - users: test7 ] = Logged in","timestamp":"2025-11-25T04:16:54.065Z"}
{"level":"info","message":"[11 - users: test7 ] = Token verified","timestamp":"2025-11-25T04:16:54.160Z"}
{"level":"info","message":"[11 - users: test7] = fetched all seminars join joined data","timestamp":"2025-11-25T04:16:54.164Z"}
{"level":"info","message":"[11 - users: test7 ] = Token verified","timestamp":"2025-11-25T04:16:55.290Z"}
{"level":"info","message":"[11 - users: test7 ] = Token verified","timestamp":"2025-11-25T04:16:55.302Z"}
{"level":"info","message":"[11 - users: test7 ] = fetched latest seminars joined data","timestamp":"2025-11-25T04:16:55.337Z"}
{"level":"info","message":"[11 - users: test7 ] = fetched total seminars joined data","timestamp":"2025-11-25T04:16:55.354Z"}
{"level":"info","message":"[11 - users: test7 ] = Token verified","timestamp":"2025-11-25T04:17:41.173Z"}
{"level":"info","message":"[11 - users: test7 ] = Token verified","timestamp":"2025-11-25T04:17:41.200Z"}
{"level":"info","message":"[11 - users: test7 ] = Token verified","timestamp":"2025-11-25T04:17:41.279Z"}
{"level":"info","message":"[11 - users: test7] = fetched all seminars join joined data","timestamp":"2025-11-25T04:17:41.283Z"}
{"level":"info","message":"[11 - users: test7 ] = Token verified","timestamp":"2025-11-25T04:18:03.872Z"}
{"level":"info","message":"[11 - users: test7] = fetched all seminars join joined data","timestamp":"2025-11-25T04:18:03.875Z"}
{"level":"info","message":"[11 - users: test7 ] = Token verified","timestamp":"2025-11-25T04:18:07.207Z"}
{"level":"info","message":"[11 - users: test7] = fetched all seminars join joined data","timestamp":"2025-11-25T04:18:07.223Z"}
{"level":"info","message":"[11 - users: test7 ] = Token verified","timestamp":"2025-11-25T04:18:32.706Z"}
{"level":"info","message":"[11 - users: test7] = fetched all seminars join joined data","timestamp":"2025-11-25T04:18:32.740Z"}
{"level":"info","message":"[11 - users: test7 ] = Token verified","timestamp":"2025-11-25T04:32:38.019Z"}
{"level":"info","message":"[11 - users: test7] = fetched all seminars join joined data","timestamp":"2025-11-25T04:32:38.027Z"}
{"level":"info","message":"[11 - users: test7 ] = Token verified","timestamp":"2025-11-25T04:32:40.952Z"}
{"level":"info","message":"[11 - users: test7 ] = Token verified","timestamp":"2025-11-25T04:32:40.971Z"}
{"level":"info","message":"[11 - users: test7 ] = Token verified","timestamp":"2025-11-25T04:32:41.052Z"}
{"level":"info","message":"[11 - users: test7] = fetched all seminars join joined data","timestamp":"2025-11-25T04:32:41.054Z"}
{"level":"info","message":"[11 - users: test7 ] = Token verified","timestamp":"2025-11-25T04:32:42.465Z"}
{"level":"info","message":"[11 - users: test7 ] = Token verified","timestamp":"2025-11-25T04:32:42.476Z"}
{"level":"info","message":"[11 - users: test7 ] = fetched latest seminars joined data","timestamp":"2025-11-25T04:32:42.482Z"}
{"level":"info","message":"[11 - users: test7 ] = fetched total seminars joined data","timestamp":"2025-11-25T04:32:42.483Z"}
{"level":"info","message":"[11 - users: test7 ] = Token verified","timestamp":"2025-11-25T04:58:32.044Z"}
{"level":"info","message":"[11 - users: test7 ] = Token verified","timestamp":"2025-11-25T04:58:32.065Z"}
{"level":"info","message":"[3 - admins: test2 ] = Logged in","timestamp":"2025-11-25T04:58:42.281Z"}
{"level":"info","message":"[3 - admins: test2 ] = Token verified","timestamp":"2025-11-25T04:58:42.371Z"}
{"level":"info","message":"[3 - admins: test2 ] = Successfully get admins data","timestamp":"2025-11-25T04:58:42.373Z"}
{"level":"info","message":"[3 - admins: test2 ] = Token verified","timestamp":"2025-11-25T04:58:44.336Z"}
{"level":"info","message":"[3 - admins: test2 ] = Token verified","timestamp":"2025-11-25T04:58:44.344Z"}
{"level":"info","message":"[3 - admins: test2 ] = Token verified","timestamp":"2025-11-25T04:58:44.354Z"}
{"level":"info","message":"[3 - admins: test2 ] = fetched total attendees data","timestamp":"2025-11-25T04:58:44.356Z"}
{"level":"info","message":"[3 - admins: test2 ] = fetched total seminars data","timestamp":"2025-11-25T04:58:44.359Z"}
{"level":"info","message":"[3 - admins: test2 ] = fetched total users data","timestamp":"2025-11-25T04:58:44.362Z"}
{"level":"info","message":"[3 - admins: test2 ] = Token verified","timestamp":"2025-11-25T04:58:47.466Z"}
{"level":"info","message":"[3 - admins: test2 ] = Token verified","timestamp":"2025-11-25T04:58:47.482Z"}
{"level":"info","message":"[3 - admins: test2 ] = Token verified","timestamp":"2025-11-25T04:58:47.576Z"}
{"level":"info","message":"[3 - admins: test2 ] = Token verified","timestamp":"2025-11-25T04:58:47.588Z"}
{"level":"info","message":"[3 - admins: test2 ] = Token verified","timestamp":"2025-11-25T04:58:47.598Z"}
{"level":"info","message":"[3 - admins: test2 ] = fetched total attendees data","timestamp":"2025-11-25T04:58:47.610Z"}
{"level":"info","message":"[3 - admins: test2 ] = fetched total seminars data","timestamp":"2025-11-25T04:58:47.612Z"}
{"level":"info","message":"[3 - admins: test2 ] = fetched total users data","timestamp":"2025-11-25T04:58:47.615Z"}
{"level":"info","message":"[3 - admins: test2 ] = Token verified","timestamp":"2025-11-25T04:58:49.203Z"}
{"level":"info","message":"[3 - admins: test2 ] = Token verified","timestamp":"2025-11-25T04:58:49.215Z"}
{"level":"info","message":"[3 - admins: test2 ] = Token verified","timestamp":"2025-11-25T04:58:49.296Z"}
{"level":"info","message":"[3 - admins: test2 ] = Token verified","timestamp":"2025-11-25T04:58:49.308Z"}
{"level":"info","message":"[3 - admins: test2 ] = Token verified","timestamp":"2025-11-25T04:58:49.323Z"}
{"level":"info","message":"[3 - admins: test2 ] = fetched total attendees data","timestamp":"2025-11-25T04:58:49.327Z"}
{"level":"info","message":"[3 - admins: test2 ] = fetched total seminars data","timestamp":"2025-11-25T04:58:49.330Z"}
{"level":"info","message":"[3 - admins: test2 ] = fetched total users data","timestamp":"2025-11-25T04:58:49.333Z"}
{"level":"info","message":"[3 - admins: test2 ] = Token verified","timestamp":"2025-11-25T04:58:56.080Z"}
{"level":"info","message":"[3 - admins: test2 ] = Token verified","timestamp":"2025-11-25T04:58:56.110Z"}
{"level":"info","message":"[3 - admins: test2 ] = Token verified","timestamp":"2025-11-25T04:58:56.128Z"}
{"level":"info","message":"[3 - admins: test2 ] = fetched total attendees data","timestamp":"2025-11-25T04:58:56.130Z"}
{"level":"info","message":"[3 - admins: test2 ] = fetched total seminars data","timestamp":"2025-11-25T04:58:56.132Z"}
{"level":"info","message":"[3 - admins: test2 ] = fetched total users data","timestamp":"2025-11-25T04:58:56.141Z"}
{"level":"info","message":"[3 - admins: test2 ] = Token verified","timestamp":"2025-11-25T04:58:56.761Z"}
{"level":"info","message":"[3 - admins: test2 ] = Successfully get admins data","timestamp":"2025-11-25T04:58:56.765Z"}
{"level":"info","message":"[3 - admins: test2 ] = Token verified","timestamp":"2025-11-25T04:58:58.551Z"}
{"level":"info","message":"[3 - admins: test2 ] = Token verified","timestamp":"2025-11-25T04:58:58.566Z"}
{"level":"info","message":"[3 - admins: test2 ] = Token verified","timestamp":"2025-11-25T04:58:58.622Z"}
{"level":"info","message":"[3 - admins: test2 ] = Successfully get admins data","timestamp":"2025-11-25T04:58:58.629Z"}
{"level":"info","message":"[3 - admins: test2 ] = Token verified","timestamp":"2025-11-25T04:58:59.997Z"}
{"level":"info","message":"[3 - admins: test2 ] = Token verified","timestamp":"2025-11-25T04:59:00.015Z"}
{"level":"info","message":"[3 - admins: test2 ] = Token verified","timestamp":"2025-11-25T04:59:00.116Z"}
{"level":"info","message":"[3 - admins: test2 ] = Successfully get admins data","timestamp":"2025-11-25T04:59:00.134Z"}
{"level":"info","message":"[3 - admins: test2 ] = Token verified","timestamp":"2025-11-25T04:59:04.602Z"}
{"level":"info","message":"[3 - admins: test2 ] = Successfully get admins data","timestamp":"2025-11-25T04:59:04.612Z"}
{"level":"info","message":"[3 - admins: test2 ] = Token verified","timestamp":"2025-11-25T04:59:09.535Z"}
{"level":"info","message":"[3 - admins: test2 ] = Token verified","timestamp":"2025-11-25T04:59:09.562Z"}
{"level":"info","message":"[11 - users: test7 ] = Logged in","timestamp":"2025-11-25T04:59:15.572Z"}
{"level":"info","message":"[11 - users: test7 ] = Token verified","timestamp":"2025-11-25T04:59:15.646Z"}
{"level":"info","message":"[11 - users: test7] = fetched all seminars join joined data","timestamp":"2025-11-25T04:59:15.650Z"}
{"level":"info","message":"[11 - users: test7 ] = Token verified","timestamp":"2025-11-25T04:59:16.950Z"}
{"level":"info","message":"[11 - users: test7 ] = Token verified","timestamp":"2025-11-25T04:59:16.961Z"}
{"level":"info","message":"[11 - users: test7 ] = fetched latest seminars joined data","timestamp":"2025-11-25T04:59:16.963Z"}
{"level":"info","message":"[11 - users: test7 ] = fetched total seminars joined data","timestamp":"2025-11-25T04:59:16.965Z"}
{"level":"info","message":"[11 - users: test7 ] = Token verified","timestamp":"2025-11-25T04:59:55.359Z"}
{"level":"info","message":"[11 - users: test7 ] = Token verified","timestamp":"2025-11-25T04:59:55.415Z"}
{"level":"info","message":"[11 - users: test7 ] = Token verified","timestamp":"2025-11-25T04:59:55.444Z"}
{"level":"info","message":"[11 - users: test7] = fetched all seminars join joined data","timestamp":"2025-11-25T04:59:55.447Z"}
{"level":"info","message":"[11 - users: test7 ] = Token verified","timestamp":"2025-11-25T04:59:56.710Z"}
{"level":"info","message":"[11 - users: test7 ] = Token verified","timestamp":"2025-11-25T04:59:56.720Z"}
{"level":"info","message":"[11 - users: test7 ] = fetched latest seminars joined data","timestamp":"2025-11-25T04:59:56.727Z"}
{"level":"info","message":"[11 - users: test7 ] = fetched total seminars joined data","timestamp":"2025-11-25T04:59:56.728Z"}
{"level":"info","message":"[11 - users: test7 ] = Token verified","timestamp":"2025-11-25T04:59:58.438Z"}
{"level":"info","message":"[11 - users: test7 ] = Token verified","timestamp":"2025-11-25T04:59:58.462Z"}
{"level":"info","message":"[11 - users: test7 ] = Token verified","timestamp":"2025-11-25T04:59:58.530Z"}
{"level":"info","message":"[11 - users: test7 ] = Token verified","timestamp":"2025-11-25T04:59:58.545Z"}
{"level":"info","message":"[11 - users: test7 ] = fetched latest seminars joined data","timestamp":"2025-11-25T04:59:58.548Z"}
{"level":"info","message":"[11 - users: test7 ] = fetched total seminars joined data","timestamp":"2025-11-25T04:59:58.550Z"}
{"level":"info","message":"[11 - users: test7 ] = Token verified","timestamp":"2025-11-25T05:00:23.659Z"}
{"level":"info","message":"[11 - users: test7 ] = Token verified","timestamp":"2025-11-25T05:00:23.689Z"}
{"level":"info","message":"[11 - users: test7 ] = fetched total seminars joined data","timestamp":"2025-11-25T05:00:23.692Z"}
{"level":"info","message":"[11 - users: test7 ] = fetched latest seminars joined data","timestamp":"2025-11-25T05:00:23.699Z"}
{"level":"info","message":"[11 - users: test7 ] = Token verified","timestamp":"2025-11-25T05:00:33.713Z"}
{"level":"info","message":"[11 - users: test7] = fetched all seminars join joined data","timestamp":"2025-11-25T05:00:33.716Z"}
{"level":"info","message":"[11 - users: test7 ] = Token verified","timestamp":"2025-11-25T05:00:40.708Z"}
{"level":"info","message":"[11 - users: test7] = fetched all seminars join joined data","timestamp":"2025-11-25T05:00:40.714Z"}
{"level":"info","message":"[11 - users: test7 ] = Token verified","timestamp":"2025-11-25T05:03:31.531Z"}
{"level":"info","message":"[11 - users: test7] = fetched all seminars join joined data","timestamp":"2025-11-25T05:03:31.533Z"}
{"level":"info","message":"[11 - users: test7 ] = Token verified","timestamp":"2025-11-25T05:03:39.852Z"}
{"level":"info","message":"[11 - users: test7] = fetched all seminars join joined data","timestamp":"2025-11-25T05:03:39.861Z"}
{"level":"info","message":"Starting Seminar Hub server...","timestamp":"2025-11-25T05:04:17.398Z"}
{"level":"info","message":"Server running on http://localhost:3000","timestamp":"2025-11-25T05:04:17.407Z"}
{"level":"info","message":"Starting Seminar Hub server...","timestamp":"2025-11-25T05:07:30.467Z"}
{"level":"info","message":"Server running on http://localhost:3000","timestamp":"2025-11-25T05:07:30.478Z"}
{"level":"info","message":"[11 - users: test7 ] = Token verified","timestamp":"2025-11-25T05:07:30.576Z"}
{"level":"info","message":"[11 - users: test7] = fetched all seminars join joined data","timestamp":"2025-11-25T05:07:30.654Z"}
{"level":"info","message":"Starting Seminar Hub server...","timestamp":"2025-11-25T05:15:27.687Z"}
{"level":"info","message":"Server running on http://localhost:3000","timestamp":"2025-11-25T05:15:27.699Z"}
{"level":"info","message":"[11 - users: test7 ] = Token verified","timestamp":"2025-11-25T05:16:01.928Z"}
{"level":"info","message":"[11 - users: test7 ] = Token verified","timestamp":"2025-11-25T05:16:01.946Z"}
{"level":"info","message":"[11 - users: test7 ] = Token verified","timestamp":"2025-11-25T05:16:02.079Z"}
{"level":"info","message":"[11 - users: test7] = fetched all seminars join joined data","timestamp":"2025-11-25T05:16:02.144Z"}
{"level":"info","message":"[11 - users: test7 ] = Token verified","timestamp":"2025-11-25T05:16:40.192Z"}
{"level":"info","message":"[11 - users: test7] = fetched all seminars join joined data","timestamp":"2025-11-25T05:16:40.197Z"}
{"level":"info","message":"[11 - users: test7 ] = Token verified","timestamp":"2025-11-25T05:16:47.691Z"}
{"level":"info","message":"[11 - users: test7 ] = Token verified","timestamp":"2025-11-25T05:16:47.713Z"}
{"level":"info","message":"[3 - admins: test2 ] = Logged in","timestamp":"2025-11-25T05:17:04.590Z"}
{"level":"info","message":"[3 - admins: test2 ] = Token verified","timestamp":"2025-11-25T05:17:04.721Z"}
{"level":"info","message":"[3 - admins: test2 ] = Successfully get admins data","timestamp":"2025-11-25T05:17:04.725Z"}
{"level":"info","message":"[3 - admins: test2 ] = Token verified","timestamp":"2025-11-25T05:17:06.670Z"}
{"level":"info","message":"[3 - admins: test2 ] = Token verified","timestamp":"2025-11-25T05:17:06.684Z"}
{"level":"info","message":"[3 - admins: test2 ] = fetched total attendees data","timestamp":"2025-11-25T05:17:06.689Z"}
{"level":"info","message":"[3 - admins: test2 ] = Token verified","timestamp":"2025-11-25T05:17:06.699Z"}
{"level":"info","message":"[3 - admins: test2 ] = fetched total seminars data","timestamp":"2025-11-25T05:17:06.702Z"}
{"level":"info","message":"[3 - admins: test2 ] = fetched total users data","timestamp":"2025-11-25T05:17:06.704Z"}
{"level":"info","message":"[3 - admins: test2 ] = Token verified","timestamp":"2025-11-25T05:17:08.097Z"}
{"level":"info","message":"[3 - admins: test2 ] = Successfully get admins data","timestamp":"2025-11-25T05:17:08.101Z"}
{"level":"info","message":"[3 - admins: test2 ] = Token verified","timestamp":"2025-11-25T05:17:32.002Z"}
{"level":"info","message":"[3 - admins: test2 ] = Token verified","timestamp":"2025-11-25T05:17:32.022Z"}
{"level":"info","message":"[3 - admins: test2 ] = Token verified","timestamp":"2025-11-25T05:18:01.051Z"}
{"level":"info","message":"[3 - admins: test2 ] = fetched total attendees data","timestamp":"2025-11-25T05:18:01.062Z"}
{"level":"info","message":"[3 - admins: test2 ] = Token verified","timestamp":"2025-11-25T05:18:01.114Z"}
{"level":"info","message":"[3 - admins: test2 ] = fetched total seminars data","timestamp":"2025-11-25T05:18:01.121Z"}
{"level":"info","message":"[3 - admins: test2 ] = Token verified","timestamp":"2025-11-25T05:18:01.132Z"}
{"level":"info","message":"[3 - admins: test2 ] = fetched total users data","timestamp":"2025-11-25T05:18:01.167Z"}
{"level":"info","message":"[3 - admins: test2 ] = Token verified","timestamp":"2025-11-25T05:18:01.739Z"}
{"level":"info","message":"[3 - admins: test2 ] = Successfully get admins data","timestamp":"2025-11-25T05:18:01.741Z"}
{"level":"info","message":"[3 - admins: test2 ] = Token verified","timestamp":"2025-11-25T05:23:26.785Z"}
{"level":"info","message":"[3 - admins: test2 ] = Token verified","timestamp":"2025-11-25T05:23:26.804Z"}
{"level":"info","message":"[3 - admins: test2 ] = Token verified","timestamp":"2025-11-25T05:23:32.168Z"}
{"level":"info","message":"[3 - admins: test2 ] = fetched all users data","timestamp":"2025-11-25T05:23:32.172Z"}
{"level":"info","message":"[3 - admins: test2 ] = Token verified","timestamp":"2025-11-25T05:23:35.928Z"}
{"level":"info","message":"[3 - admins: test2 ] = fetched all users data","timestamp":"2025-11-25T05:23:35.933Z"}
{"level":"info","message":"[3 - admins: test2 ] = Token verified","timestamp":"2025-11-25T05:23:59.941Z"}
{"level":"info","message":"[3 - admins: test2 ] = fetched all users data","timestamp":"2025-11-25T05:23:59.946Z"}
{"level":"info","message":"[3 - admins: test2 ] = Token verified","timestamp":"2025-11-25T05:24:01.242Z"}
{"level":"info","message":"[3 - admins: test2 ] = Successfully get admins data","timestamp":"2025-11-25T05:24:01.245Z"}
{"level":"info","message":"[3 - admins: test2 ] = Token verified","timestamp":"2025-11-25T05:24:53.862Z"}
{"level":"info","message":"[3 - admins: test2 ] = Token verified","timestamp":"2025-11-25T05:24:53.878Z"}
{"level":"info","message":"Starting Seminar Hub server...","timestamp":"2025-11-25T05:25:51.841Z"}
{"level":"info","message":"Server running on http://localhost:3000","timestamp":"2025-11-25T05:25:51.857Z"}
{"level":"info","message":"[3 - admins: test2 ] = Token verified","timestamp":"2025-11-25T05:26:19.649Z"}
{"level":"info","message":"[3 - admins: test2 ] = Token verified","timestamp":"2025-11-25T05:26:19.720Z"}
{"level":"info","message":"[3 - admins: test2 ] = Token verified","timestamp":"2025-11-25T05:26:19.913Z"}
{"level":"info","message":"[3 - admins: test2 ] = Successfully get admins data","timestamp":"2025-11-25T05:26:19.919Z"}
{"level":"info","message":"[3 - admins: test2 ] = Token verified","timestamp":"2025-11-25T05:29:12.431Z"}
{"level":"info","message":"[3 - admins: test2 ] = Token verified","timestamp":"2025-11-25T05:29:12.451Z"}
{"level":"info","message":"[3 - admins: test2 ] = Token verified","timestamp":"2025-11-25T05:29:53.561Z"}
{"level":"info","message":"[3 - admins: test2 ] = Token verified","timestamp":"2025-11-25T05:29:53.572Z"}
{"level":"info","message":"Starting Seminar Hub server...","timestamp":"2025-11-25T05:33:52.084Z"}
{"level":"info","message":"Server running on http://localhost:3000","timestamp":"2025-11-25T05:33:52.095Z"}
{"level":"info","message":"[3 - admins: test2 ] = Token verified","timestamp":"2025-11-25T05:33:57.707Z"}
{"level":"info","message":"[3 - admins: test2 ] = fetched total attendees data","timestamp":"2025-11-25T05:33:57.718Z"}
{"level":"info","message":"[3 - admins: test2 ] = Token verified","timestamp":"2025-11-25T05:33:57.731Z"}
{"level":"info","message":"[3 - admins: test2 ] = Token verified","timestamp":"2025-11-25T05:33:57.739Z"}
{"level":"info","message":"[3 - admins: test2 ] = fetched total seminars data","timestamp":"2025-11-25T05:33:57.742Z"}
{"level":"info","message":"[3 - admins: test2 ] = fetched total users data","timestamp":"2025-11-25T05:33:57.749Z"}
{"level":"info","message":"[3 - admins: test2 ] = Token verified","timestamp":"2025-11-25T05:33:58.205Z"}
{"level":"info","message":"[3 - admins: test2 ] = Successfully get admins data","timestamp":"2025-11-25T05:33:58.212Z"}
{"level":"info","message":"[3 - admins: test2 ] = Token verified","timestamp":"2025-11-25T05:33:58.803Z"}
{"level":"info","message":"[3 - admins: test2 ] = fetched all users data","timestamp":"2025-11-25T05:33:58.812Z"}
{"level":"info","message":"[11 - users: test7 ] = Logged in","timestamp":"2025-11-25T05:34:14.993Z"}
{"level":"info","message":"[11 - users: test7 ] = Token verified","timestamp":"2025-11-25T05:34:15.074Z"}
{"level":"info","message":"[11 - users: test7] = fetched all seminars join joined data","timestamp":"2025-11-25T05:34:15.077Z"}
{"level":"info","message":"[11 - users: test7 ] = Token verified","timestamp":"2025-11-25T05:35:20.240Z"}
{"level":"info","message":"[11 - users: test7] = fetched all seminars join joined data","timestamp":"2025-11-25T05:35:20.247Z"}
